<html>
<head>
<title>TestNG:  Command line test</title>
<link href="../testng.css" rel="stylesheet" type="text/css" />
<link href="../my-testng.css" rel="stylesheet" type="text/css" />

<style type="text/css">
.log { display: none;} 
.stack-trace { display: none;} 
</style>
<script type="text/javascript">
<!--
function flip(e) {
  current = e.style.display;
  if (current == 'block') {
    e.style.display = 'none';
    return 0;
  }
  else {
    e.style.display = 'block';
    return 1;
  }
}

function toggleBox(szDivId, elem, msg1, msg2)
{
  var res = -1;  if (document.getElementById) {
    res = flip(document.getElementById(szDivId));
  }
  else if (document.all) {
    // this is the way old msie versions work
    res = flip(document.all[szDivId]);
  }
  if(elem) {
    if(res == 0) elem.innerHTML = msg1; else elem.innerHTML = msg2;
  }

}

function toggleAllBoxes() {
  if (document.getElementsByTagName) {
    d = document.getElementsByTagName('div');
    for (i = 0; i < d.length; i++) {
      if (d[i].className == 'log') {
        flip(d[i]);
      }
    }
  }
}

// -->
</script>

</head>
<body>
<h2 align='center'>Command line test</h2><table border='1' align="center">
<tr>
<td>Tests passed/Failed/Skipped:</td><td>60/2/0</td>
</tr><tr>
<td>Started on:</td><td>Thu Mar 28 04:00:32 EDT 2019</td>
</tr>
<tr><td>Total time:</td><td>416 seconds (416169 ms)</td>
</tr><tr>
<td>Included groups:</td><td></td>
</tr><tr>
<td>Excluded groups:</td><td></td>
</tr>
</table><p/>
<small><i>(Hover the method name to see the test class name)</i></small><p/>
<table width='100%' border='1' class='invocation-failed'>
<tr><td colspan='4' align='center'><b>FAILED TESTS</b></td></tr>
<tr><td><b>Test method</b></td>
<td width="30%"><b>Exception</b></td>
<td width="10%"><b>Time (seconds)</b></td>
<td><b>Instance</b></td>
</tr>
<tr>
<td title='TestBoALocationsPage.testInternationLink()'><b>testInternationLink</b><br>Test class: TestBoALocationsPage</td>
<td><div><pre>java.lang.AssertionError: expected [https://locators.bankofamerica.com/international.html&amp;check_list=4397] but found [https://locators.bankofamerica.com/international.html]
	at BoALocationsPage.internationalAtms(BoALocationsPage.java:181)
	at TestBoALocationsPage.testInternationLink(TestBoALocationsPage.java:109)
... Removed 39 stack frames</pre></div><a href='#' onClick='toggleBox("stack-trace42684986", this, "Click to show all stack frames", "Click to hide stack frames")'>Click to show all stack frames</a>
<div class='stack-trace' id='stack-trace42684986'><pre>java.lang.AssertionError: expected [https://locators.bankofamerica.com/international.html&amp;check_list=4397] but found [https://locators.bankofamerica.com/international.html]
	at org.testng.Assert.fail(Assert.java:94)
	at org.testng.Assert.failNotEquals(Assert.java:494)
	at org.testng.Assert.assertEquals(Assert.java:123)
	at org.testng.Assert.assertEquals(Assert.java:176)
	at org.testng.Assert.assertEquals(Assert.java:186)
	at BoALocationsPage.internationalAtms(BoALocationsPage.java:181)
	at TestBoALocationsPage.testInternationLink(TestBoALocationsPage.java:109)
	at sun.reflect.NativeMethodAccessorImpl.invoke0(Native Method)
	at sun.reflect.NativeMethodAccessorImpl.invoke(NativeMethodAccessorImpl.java:62)
	at sun.reflect.DelegatingMethodAccessorImpl.invoke(DelegatingMethodAccessorImpl.java:43)
	at java.lang.reflect.Method.invoke(Method.java:497)
	at org.testng.internal.MethodInvocationHelper.invokeMethod(MethodInvocationHelper.java:84)
	at org.testng.internal.Invoker.invokeMethod(Invoker.java:714)
	at org.testng.internal.Invoker.invokeTestMethod(Invoker.java:901)
	at org.testng.internal.Invoker.invokeTestMethods(Invoker.java:1231)
	at org.testng.internal.TestMethodWorker.invokeTestMethods(TestMethodWorker.java:127)
	at org.testng.internal.TestMethodWorker.run(TestMethodWorker.java:111)
	at org.testng.TestRunner.privateRun(TestRunner.java:767)
	at org.testng.TestRunner.run(TestRunner.java:617)
	at org.testng.SuiteRunner.runTest(SuiteRunner.java:334)
	at org.testng.SuiteRunner.runSequentially(SuiteRunner.java:329)
	at org.testng.SuiteRunner.privateRun(SuiteRunner.java:291)
	at org.testng.SuiteRunner.run(SuiteRunner.java:240)
	at org.testng.SuiteRunnerWorker.runSuite(SuiteRunnerWorker.java:52)
	at org.testng.SuiteRunnerWorker.run(SuiteRunnerWorker.java:86)
	at org.testng.TestNG.runSuitesSequentially(TestNG.java:1224)
	at org.testng.TestNG.runSuitesLocally(TestNG.java:1149)
	at org.testng.TestNG.run(TestNG.java:1057)
	at org.apache.maven.surefire.testng.TestNGExecutor.run(TestNGExecutor.java:77)
	at org.apache.maven.surefire.testng.TestNGDirectoryTestSuite.executeMulti(TestNGDirectoryTestSuite.java:159)
	at org.apache.maven.surefire.testng.TestNGDirectoryTestSuite.execute(TestNGDirectoryTestSuite.java:99)
	at org.apache.maven.surefire.testng.TestNGProvider.invoke(TestNGProvider.java:106)
	at sun.reflect.NativeMethodAccessorImpl.invoke0(Native Method)
	at sun.reflect.NativeMethodAccessorImpl.invoke(NativeMethodAccessorImpl.java:62)
	at sun.reflect.DelegatingMethodAccessorImpl.invoke(DelegatingMethodAccessorImpl.java:43)
	at java.lang.reflect.Method.invoke(Method.java:497)
	at org.apache.maven.surefire.util.ReflectionUtils.invokeMethodWithArray(ReflectionUtils.java:189)
	at org.apache.maven.surefire.booter.ProviderFactory$ProviderProxy.invoke(ProviderFactory.java:165)
	at org.apache.maven.surefire.booter.ProviderFactory.invokeProvider(ProviderFactory.java:85)
	at org.apache.maven.surefire.booter.ForkedBooter.runSuitesInProcess(ForkedBooter.java:115)
	at org.apache.maven.surefire.booter.ForkedBooter.main(ForkedBooter.java:75)
</pre></div></td>
<td>2</td>
<td>TestBoALocationsPage@531be3c5</td></tr>
<tr>
<td title='TestBoAHome.testSearchSuggestion()'><b>testSearchSuggestion</b><br>Test class: TestBoAHome</td>
<td><div><pre>org.openqa.selenium.NoSuchElementException: no such element: Unable to locate element: {&quot;method&quot;:&quot;xpath&quot;,&quot;selector&quot;:&quot;//*[@id=&quot;searchStub&quot;]/div/div/form/div[2]/p&quot;}
  (Session info: chrome=73.0.3683.86)
  (Driver info: chromedriver=2.46.628411 (3324f4c8be9ff2f70a05a30ebc72ffb013e1a71e),platform=Mac OS X 10.14.3 x86_64) (WARNING: The server did not provide any stacktrace information)
Command duration or timeout: 0 milliseconds
For documentation on this error, please visit: https://www.seleniumhq.org/exceptions/no_such_element.html
Build info: version: &apos;3.141.59&apos;, revision: &apos;e82be7d358&apos;, time: &apos;2018-11-14T08:17:03&apos;
System info: host: &apos;Saqibs-MacBook-Pro.local&apos;, ip: &apos;fe80:0:0:0:f9:630b:388:f57b%en0&apos;, os.name: &apos;Mac OS X&apos;, os.arch: &apos;x86_64&apos;, os.version: &apos;10.14.3&apos;, java.version: &apos;1.8.0_73&apos;
Driver info: org.openqa.selenium.chrome.ChromeDriver
Capabilities {acceptInsecureCerts: false, acceptSslCerts: false, applicationCacheEnabled: false, browserConnectionEnabled: false, browserName: chrome, chrome: {chromedriverVersion: 2.46.628411 (3324f4c8be9ff2..., userDataDir: /var/folders/x2/7d20k9ks6j7...}, cssSelectorsEnabled: true, databaseEnabled: false, goog:chromeOptions: {debuggerAddress: localhost:63389}, handlesAlerts: true, hasTouchScreen: false, javascriptEnabled: true, locationContextEnabled: true, mobileEmulationEnabled: false, nativeEvents: true, networkConnectionEnabled: false, pageLoadStrategy: normal, platform: MAC, platformName: MAC, proxy: Proxy(), rotatable: false, setWindowRect: true, strictFileInteractability: false, takesHeapSnapshot: true, takesScreenshot: true, timeouts: {implicit: 0, pageLoad: 300000, script: 30000}, unexpectedAlertBehaviour: ignore, unhandledPromptBehavior: ignore, version: 73.0.3683.86, webStorageEnabled: true}
Session ID: 834770bdc43bf15c4d97c5e7a2833076
*** Element info: {Using=xpath, value=//*[@id=&quot;searchStub&quot;]/div/div/form/div[2]/p}
	at org.openqa.selenium.remote.ErrorHandler.createThrowable(ErrorHandler.java:214)
	at org.openqa.selenium.remote.ErrorHandler.throwIfResponseFailed(ErrorHandler.java:166)
	at org.openqa.selenium.remote.http.JsonHttpResponseCodec.reconstructValue(JsonHttpResponseCodec.java:40)
	at org.openqa.selenium.remote.http.AbstractHttpResponseCodec.decode(AbstractHttpResponseCodec.java:80)
	at org.openqa.selenium.remote.http.AbstractHttpResponseCodec.decode(AbstractHttpResponseCodec.java:44)
	at org.openqa.selenium.remote.HttpCommandExecutor.execute(HttpCommandExecutor.java:158)
	at org.openqa.selenium.remote.service.DriverCommandExecutor.execute(DriverCommandExecutor.java:83)
	at org.openqa.selenium.remote.RemoteWebDriver.execute(RemoteWebDriver.java:552)
	at org.openqa.selenium.remote.RemoteWebDriver.findElement(RemoteWebDriver.java:323)
	at org.openqa.selenium.remote.RemoteWebDriver.findElementByXPath(RemoteWebDriver.java:428)
	at org.openqa.selenium.By$ByXPath.findElement(By.java:353)
	at org.openqa.selenium.remote.RemoteWebDriver.findElement(RemoteWebDriver.java:315)
	at org.openqa.selenium.support.pagefactory.DefaultElementLocator.findElement(DefaultElementLocator.java:69)
	at org.openqa.selenium.support.pagefactory.internal.LocatingElementHandler.invoke(LocatingElementHandler.java:38)
	at com.sun.proxy.$Proxy11.getText(Unknown Source)
	at BoAHome.clickSearchBar(BoAHome.java:237)
	at TestBoAHome.testSearchSuggestion(TestBoAHome.java:123)
... Removed 38 stack frames</pre></div><a href='#' onClick='toggleBox("stack-trace1933513621", this, "Click to show all stack frames", "Click to hide stack frames")'>Click to show all stack frames</a>
<div class='stack-trace' id='stack-trace1933513621'><pre>org.openqa.selenium.NoSuchElementException: no such element: Unable to locate element: {&quot;method&quot;:&quot;xpath&quot;,&quot;selector&quot;:&quot;//*[@id=&quot;searchStub&quot;]/div/div/form/div[2]/p&quot;}
  (Session info: chrome=73.0.3683.86)
  (Driver info: chromedriver=2.46.628411 (3324f4c8be9ff2f70a05a30ebc72ffb013e1a71e),platform=Mac OS X 10.14.3 x86_64) (WARNING: The server did not provide any stacktrace information)
Command duration or timeout: 0 milliseconds
For documentation on this error, please visit: https://www.seleniumhq.org/exceptions/no_such_element.html
Build info: version: &apos;3.141.59&apos;, revision: &apos;e82be7d358&apos;, time: &apos;2018-11-14T08:17:03&apos;
System info: host: &apos;Saqibs-MacBook-Pro.local&apos;, ip: &apos;fe80:0:0:0:f9:630b:388:f57b%en0&apos;, os.name: &apos;Mac OS X&apos;, os.arch: &apos;x86_64&apos;, os.version: &apos;10.14.3&apos;, java.version: &apos;1.8.0_73&apos;
Driver info: org.openqa.selenium.chrome.ChromeDriver
Capabilities {acceptInsecureCerts: false, acceptSslCerts: false, applicationCacheEnabled: false, browserConnectionEnabled: false, browserName: chrome, chrome: {chromedriverVersion: 2.46.628411 (3324f4c8be9ff2..., userDataDir: /var/folders/x2/7d20k9ks6j7...}, cssSelectorsEnabled: true, databaseEnabled: false, goog:chromeOptions: {debuggerAddress: localhost:63389}, handlesAlerts: true, hasTouchScreen: false, javascriptEnabled: true, locationContextEnabled: true, mobileEmulationEnabled: false, nativeEvents: true, networkConnectionEnabled: false, pageLoadStrategy: normal, platform: MAC, platformName: MAC, proxy: Proxy(), rotatable: false, setWindowRect: true, strictFileInteractability: false, takesHeapSnapshot: true, takesScreenshot: true, timeouts: {implicit: 0, pageLoad: 300000, script: 30000}, unexpectedAlertBehaviour: ignore, unhandledPromptBehavior: ignore, version: 73.0.3683.86, webStorageEnabled: true}
Session ID: 834770bdc43bf15c4d97c5e7a2833076
*** Element info: {Using=xpath, value=//*[@id=&quot;searchStub&quot;]/div/div/form/div[2]/p}
	at sun.reflect.NativeConstructorAccessorImpl.newInstance0(Native Method)
	at sun.reflect.NativeConstructorAccessorImpl.newInstance(NativeConstructorAccessorImpl.java:62)
	at sun.reflect.DelegatingConstructorAccessorImpl.newInstance(DelegatingConstructorAccessorImpl.java:45)
	at java.lang.reflect.Constructor.newInstance(Constructor.java:422)
	at org.openqa.selenium.remote.ErrorHandler.createThrowable(ErrorHandler.java:214)
	at org.openqa.selenium.remote.ErrorHandler.throwIfResponseFailed(ErrorHandler.java:166)
	at org.openqa.selenium.remote.http.JsonHttpResponseCodec.reconstructValue(JsonHttpResponseCodec.java:40)
	at org.openqa.selenium.remote.http.AbstractHttpResponseCodec.decode(AbstractHttpResponseCodec.java:80)
	at org.openqa.selenium.remote.http.AbstractHttpResponseCodec.decode(AbstractHttpResponseCodec.java:44)
	at org.openqa.selenium.remote.HttpCommandExecutor.execute(HttpCommandExecutor.java:158)
	at org.openqa.selenium.remote.service.DriverCommandExecutor.execute(DriverCommandExecutor.java:83)
	at org.openqa.selenium.remote.RemoteWebDriver.execute(RemoteWebDriver.java:552)
	at org.openqa.selenium.remote.RemoteWebDriver.findElement(RemoteWebDriver.java:323)
	at org.openqa.selenium.remote.RemoteWebDriver.findElementByXPath(RemoteWebDriver.java:428)
	at org.openqa.selenium.By$ByXPath.findElement(By.java:353)
	at org.openqa.selenium.remote.RemoteWebDriver.findElement(RemoteWebDriver.java:315)
	at org.openqa.selenium.support.pagefactory.DefaultElementLocator.findElement(DefaultElementLocator.java:69)
	at org.openqa.selenium.support.pagefactory.internal.LocatingElementHandler.invoke(LocatingElementHandler.java:38)
	at com.sun.proxy.$Proxy11.getText(Unknown Source)
	at BoAHome.clickSearchBar(BoAHome.java:237)
	at TestBoAHome.testSearchSuggestion(TestBoAHome.java:123)
	at sun.reflect.NativeMethodAccessorImpl.invoke0(Native Method)
	at sun.reflect.NativeMethodAccessorImpl.invoke(NativeMethodAccessorImpl.java:62)
	at sun.reflect.DelegatingMethodAccessorImpl.invoke(DelegatingMethodAccessorImpl.java:43)
	at java.lang.reflect.Method.invoke(Method.java:497)
	at org.testng.internal.MethodInvocationHelper.invokeMethod(MethodInvocationHelper.java:84)
	at org.testng.internal.Invoker.invokeMethod(Invoker.java:714)
	at org.testng.internal.Invoker.invokeTestMethod(Invoker.java:901)
	at org.testng.internal.Invoker.invokeTestMethods(Invoker.java:1231)
	at org.testng.internal.TestMethodWorker.invokeTestMethods(TestMethodWorker.java:127)
	at org.testng.internal.TestMethodWorker.run(TestMethodWorker.java:111)
	at org.testng.TestRunner.privateRun(TestRunner.java:767)
	at org.testng.TestRunner.run(TestRunner.java:617)
	at org.testng.SuiteRunner.runTest(SuiteRunner.java:334)
	at org.testng.SuiteRunner.runSequentially(SuiteRunner.java:329)
	at org.testng.SuiteRunner.privateRun(SuiteRunner.java:291)
	at org.testng.SuiteRunner.run(SuiteRunner.java:240)
	at org.testng.SuiteRunnerWorker.runSuite(SuiteRunnerWorker.java:52)
	at org.testng.SuiteRunnerWorker.run(SuiteRunnerWorker.java:86)
	at org.testng.TestNG.runSuitesSequentially(TestNG.java:1224)
	at org.testng.TestNG.runSuitesLocally(TestNG.java:1149)
	at org.testng.TestNG.run(TestNG.java:1057)
	at org.apache.maven.surefire.testng.TestNGExecutor.run(TestNGExecutor.java:77)
	at org.apache.maven.surefire.testng.TestNGDirectoryTestSuite.executeMulti(TestNGDirectoryTestSuite.java:159)
	at org.apache.maven.surefire.testng.TestNGDirectoryTestSuite.execute(TestNGDirectoryTestSuite.java:99)
	at org.apache.maven.surefire.testng.TestNGProvider.invoke(TestNGProvider.java:106)
	at sun.reflect.NativeMethodAccessorImpl.invoke0(Native Method)
	at sun.reflect.NativeMethodAccessorImpl.invoke(NativeMethodAccessorImpl.java:62)
	at sun.reflect.DelegatingMethodAccessorImpl.invoke(DelegatingMethodAccessorImpl.java:43)
	at java.lang.reflect.Method.invoke(Method.java:497)
	at org.apache.maven.surefire.util.ReflectionUtils.invokeMethodWithArray(ReflectionUtils.java:189)
	at org.apache.maven.surefire.booter.ProviderFactory$ProviderProxy.invoke(ProviderFactory.java:165)
	at org.apache.maven.surefire.booter.ProviderFactory.invokeProvider(ProviderFactory.java:85)
	at org.apache.maven.surefire.booter.ForkedBooter.runSuitesInProcess(ForkedBooter.java:115)
	at org.apache.maven.surefire.booter.ForkedBooter.main(ForkedBooter.java:75)
</pre></div></td>
<td>13</td>
<td>TestBoAHome@13a57a3b</td></tr>
</table><p>
<table width='100%' border='1' class='invocation-passed'>
<tr><td colspan='4' align='center'><b>PASSED TESTS</b></td></tr>
<tr><td><b>Test method</b></td>
<td width="30%"><b>Exception</b></td>
<td width="10%"><b>Time (seconds)</b></td>
<td><b>Instance</b></td>
</tr>
<tr>
<td title='TestBoAHome.testAboutUsUrl()'><b>testAboutUsUrl</b><br>Test class: TestBoAHome</td>
<td></td>
<td>7</td>
<td>TestBoAHome@13a57a3b</td></tr>
<tr>
<td title='TestBoAForgotCredentialsPage.testAccntNumBox()'><b>testAccntNumBox</b><br>Test class: TestBoAForgotCredentialsPage</td>
<td></td>
<td>0</td>
<td>TestBoAForgotCredentialsPage@153f5a29</td></tr>
<tr>
<td title='TestBoAForgotCredentialsPage.testAccntNumEnter()'><b>testAccntNumEnter</b><br>Test class: TestBoAForgotCredentialsPage</td>
<td></td>
<td>0</td>
<td>TestBoAForgotCredentialsPage@153f5a29</td></tr>
<tr>
<td title='TestBoAForgotCredentialsPage.testAccntNumInput()'><b>testAccntNumInput</b><br>Test class: TestBoAForgotCredentialsPage</td>
<td></td>
<td>0</td>
<td>TestBoAForgotCredentialsPage@153f5a29</td></tr>
<tr>
<td title='TestBoALocationsPage.testAstoriaLink()'><b>testAstoriaLink</b><br>Test class: TestBoALocationsPage</td>
<td></td>
<td>5</td>
<td>TestBoALocationsPage@531be3c5</td></tr>
<tr>
<td title='TestBoAHome.testAutoLoansTab()'><b>testAutoLoansTab</b><br>Test class: TestBoAHome</td>
<td></td>
<td>0</td>
<td>TestBoAHome@13a57a3b</td></tr>
<tr>
<td title='TestBoALocationsPage.testBankAtmLogo()'><b>testBankAtmLogo</b><br>Test class: TestBoALocationsPage</td>
<td></td>
<td>0</td>
<td>TestBoALocationsPage@531be3c5</td></tr>
<tr>
<td title='TestBoAHome.testBetterMoneyTab()'><b>testBetterMoneyTab</b><br>Test class: TestBoAHome</td>
<td></td>
<td>0</td>
<td>TestBoAHome@13a57a3b</td></tr>
<tr>
<td title='TestBoAHome.testBoAHomeTitle()'><b>testBoAHomeTitle</b><br>Test class: TestBoAHome<br/>
<a href="#Output-586358252" onClick='toggleBox("Output-586358252", this, "Show output", "Hide output");'>Show output</a>

<a href="#Output-586358252" onClick="toggleAllBoxes();">Show all outputs</a>
<div class='log' id="Output-586358252">
TestBoAHome : test Bo A Home Title<br/>
</div>
</td>
<td></td>
<td>0</td>
<td>TestBoAHome@13a57a3b</td></tr>
<tr>
<td title='TestBoAHome.testBoALogo()'><b>testBoALogo</b><br>Test class: TestBoAHome</td>
<td></td>
<td>0</td>
<td>TestBoAHome@13a57a3b</td></tr>
<tr>
<td title='TestBoAHome.testBusinessInstitutionTitle()'><b>testBusinessInstitutionTitle</b><br>Test class: TestBoAHome</td>
<td></td>
<td>6</td>
<td>TestBoAHome@13a57a3b</td></tr>
<tr>
<td title='TestBoAHome.testBusinessInstitutionUrl()'><b>testBusinessInstitutionUrl</b><br>Test class: TestBoAHome</td>
<td></td>
<td>5</td>
<td>TestBoAHome@13a57a3b</td></tr>
<tr>
<td title='TestBoAForgotCredentialsPage.testCancelBtn()'><b>testCancelBtn</b><br>Test class: TestBoAForgotCredentialsPage</td>
<td></td>
<td>1</td>
<td>TestBoAForgotCredentialsPage@153f5a29</td></tr>
<tr>
<td title='TestBoAHome.testCheckingTab()'><b>testCheckingTab</b><br>Test class: TestBoAHome</td>
<td></td>
<td>0</td>
<td>TestBoAHome@13a57a3b</td></tr>
<tr>
<td title='TestBoALocationsPage.testClearFilter()'><b>testClearFilter</b><br>Test class: TestBoALocationsPage</td>
<td></td>
<td>8</td>
<td>TestBoALocationsPage@531be3c5</td></tr>
<tr>
<td title='TestBoALocationsPage.testClickNY()'><b>testClickNY</b><br>Test class: TestBoALocationsPage</td>
<td></td>
<td>4</td>
<td>TestBoALocationsPage@531be3c5</td></tr>
<tr>
<td title='TestBoAHome.testContactUs()'><b>testContactUs</b><br>Test class: TestBoAHome</td>
<td></td>
<td>1</td>
<td>TestBoAHome@13a57a3b</td></tr>
<tr>
<td title='TestBoAHome.testContactUsTitle()'><b>testContactUsTitle</b><br>Test class: TestBoAHome</td>
<td></td>
<td>0</td>
<td>TestBoAHome@13a57a3b</td></tr>
<tr>
<td title='TestBoAForgotCredentialsPage.testCredentials()'><b>testCredentials</b><br>Test class: TestBoAForgotCredentialsPage</td>
<td></td>
<td>1</td>
<td>TestBoAForgotCredentialsPage@153f5a29</td></tr>
<tr>
<td title='TestBoAHome.testCreditCardBuildCreditCards()'><b>testCreditCardBuildCreditCards</b><br>Test class: TestBoAHome</td>
<td></td>
<td>10</td>
<td>TestBoAHome@13a57a3b</td></tr>
<tr>
<td title='TestBoAHome.testCreditCardCashBack()'><b>testCreditCardCashBack</b><br>Test class: TestBoAHome</td>
<td></td>
<td>14</td>
<td>TestBoAHome@13a57a3b</td></tr>
<tr>
<td title='TestBoAHome.testCreditCardLowerInterest()'><b>testCreditCardLowerInterest</b><br>Test class: TestBoAHome</td>
<td></td>
<td>10</td>
<td>TestBoAHome@13a57a3b</td></tr>
<tr>
<td title='TestBoAHome.testCreditCardPointsRewards()'><b>testCreditCardPointsRewards</b><br>Test class: TestBoAHome</td>
<td></td>
<td>10</td>
<td>TestBoAHome@13a57a3b</td></tr>
<tr>
<td title='TestBoAHome.testCreditCardTravels()'><b>testCreditCardTravels</b><br>Test class: TestBoAHome</td>
<td></td>
<td>10</td>
<td>TestBoAHome@13a57a3b</td></tr>
<tr>
<td title='TestBoAHome.testCreditCardsTab()'><b>testCreditCardsTab</b><br>Test class: TestBoAHome</td>
<td></td>
<td>0</td>
<td>TestBoAHome@13a57a3b</td></tr>
<tr>
<td title='TestBoALocationsPage.testDoneFilter()'><b>testDoneFilter</b><br>Test class: TestBoALocationsPage</td>
<td></td>
<td>10</td>
<td>TestBoALocationsPage@531be3c5</td></tr>
<tr>
<td title='TestBoAHome.testEspanolLink()'><b>testEspanolLink</b><br>Test class: TestBoAHome</td>
<td></td>
<td>1</td>
<td>TestBoAHome@13a57a3b</td></tr>
<tr>
<td title='TestBoAHome.testEspanolTitle()'><b>testEspanolTitle</b><br>Test class: TestBoAHome</td>
<td></td>
<td>1</td>
<td>TestBoAHome@13a57a3b</td></tr>
<tr>
<td title='TestBoALocationsPage.testFilterClicks()'><b>testFilterClicks</b><br>Test class: TestBoALocationsPage</td>
<td></td>
<td>6</td>
<td>TestBoALocationsPage@531be3c5</td></tr>
<tr>
<td title='TestBoALocationsPage.testFilterMessage()'><b>testFilterMessage</b><br>Test class: TestBoALocationsPage</td>
<td></td>
<td>2</td>
<td>TestBoALocationsPage@531be3c5</td></tr>
<tr>
<td title='TestBoALocationsPage.testFilterSearch()'><b>testFilterSearch</b><br>Test class: TestBoALocationsPage</td>
<td></td>
<td>0</td>
<td>TestBoALocationsPage@531be3c5</td></tr>
<tr>
<td title='TestBoAForgotCredentialsPage.testForgotLogo()'><b>testForgotLogo</b><br>Test class: TestBoAForgotCredentialsPage</td>
<td></td>
<td>0</td>
<td>TestBoAForgotCredentialsPage@153f5a29</td></tr>
<tr>
<td title='TestBoAHome.testHomeLoansTab()'><b>testHomeLoansTab</b><br>Test class: TestBoAHome</td>
<td></td>
<td>0</td>
<td>TestBoAHome@13a57a3b</td></tr>
<tr>
<td title='TestBoAHome.testInvestingTab()'><b>testInvestingTab</b><br>Test class: TestBoAHome</td>
<td></td>
<td>0</td>
<td>TestBoAHome@13a57a3b</td></tr>
<tr>
<td title='TestBoALocationsPage.testLocationsPlaceHolder()'><b>testLocationsPlaceHolder</b><br>Test class: TestBoALocationsPage</td>
<td></td>
<td>0</td>
<td>TestBoALocationsPage@531be3c5</td></tr>
<tr>
<td title='TestBoALocationsPage.testLocationsTitle()'><b>testLocationsTitle</b><br>Test class: TestBoALocationsPage</td>
<td></td>
<td>0</td>
<td>TestBoALocationsPage@531be3c5</td></tr>
<tr>
<td title='TestBoALocationsPage.testLocationsUrl()'><b>testLocationsUrl</b><br>Test class: TestBoALocationsPage</td>
<td></td>
<td>0</td>
<td>TestBoALocationsPage@531be3c5</td></tr>
<tr>
<td title='TestBoALocationsPage.testMapExitFullScreen()'><b>testMapExitFullScreen</b><br>Test class: TestBoALocationsPage</td>
<td></td>
<td>2</td>
<td>TestBoALocationsPage@531be3c5</td></tr>
<tr>
<td title='TestBoALocationsPage.testMapFullScreen()'><b>testMapFullScreen</b><br>Test class: TestBoALocationsPage</td>
<td></td>
<td>2</td>
<td>TestBoALocationsPage@531be3c5</td></tr>
<tr>
<td title='TestBoALocationsPage.testMapZoomIn()'><b>testMapZoomIn</b><br>Test class: TestBoALocationsPage</td>
<td></td>
<td>2</td>
<td>TestBoALocationsPage@531be3c5</td></tr>
<tr>
<td title='TestBoALocationsPage.testMapZoomOut()'><b>testMapZoomOut</b><br>Test class: TestBoALocationsPage</td>
<td></td>
<td>2</td>
<td>TestBoALocationsPage@531be3c5</td></tr>
<tr>
<td title='TestBoAHome.testOnlineIDPlaceHolder()'><b>testOnlineIDPlaceHolder</b><br>Test class: TestBoAHome</td>
<td></td>
<td>0</td>
<td>TestBoAHome@13a57a3b</td></tr>
<tr>
<td title='TestBoAHome.testOnlineId()'><b>testOnlineId</b><br>Test class: TestBoAHome</td>
<td></td>
<td>0</td>
<td>TestBoAHome@13a57a3b</td></tr>
<tr>
<td title='TestBoAHome.testPasscode()'><b>testPasscode</b><br>Test class: TestBoAHome</td>
<td></td>
<td>0</td>
<td>TestBoAHome@13a57a3b</td></tr>
<tr>
<td title='TestBoAForgotCredentialsPage.testSSNEnter()'><b>testSSNEnter</b><br>Test class: TestBoAForgotCredentialsPage</td>
<td></td>
<td>0</td>
<td>TestBoAForgotCredentialsPage@153f5a29</td></tr>
<tr>
<td title='TestBoAHome.testSaveCredentials()'><b>testSaveCredentials</b><br>Test class: TestBoAHome</td>
<td></td>
<td>1</td>
<td>TestBoAHome@13a57a3b</td></tr>
<tr>
<td title='TestBoAHome.testSavingsTab()'><b>testSavingsTab</b><br>Test class: TestBoAHome</td>
<td></td>
<td>0</td>
<td>TestBoAHome@13a57a3b</td></tr>
<tr>
<td title='TestBoALocationsPage.testSearchBtnHolder()'><b>testSearchBtnHolder</b><br>Test class: TestBoALocationsPage</td>
<td></td>
<td>0</td>
<td>TestBoALocationsPage@531be3c5</td></tr>
<tr>
<td title='TestBoALocationsPage.testSearchInput()'><b>testSearchInput</b><br>Test class: TestBoALocationsPage</td>
<td></td>
<td>2</td>
<td>TestBoALocationsPage@531be3c5</td></tr>
<tr>
<td title='TestBoAHome.testSearchPlaceHolder()'><b>testSearchPlaceHolder</b><br>Test class: TestBoAHome</td>
<td></td>
<td>0</td>
<td>TestBoAHome@13a57a3b</td></tr>
<tr>
<td title='TestBoAForgotCredentialsPage.testShortAcctNum()'><b>testShortAcctNum</b><br>Test class: TestBoAForgotCredentialsPage</td>
<td></td>
<td>1</td>
<td>TestBoAForgotCredentialsPage@153f5a29</td></tr>
<tr>
<td title='TestBoAForgotCredentialsPage.testShortSSN()'><b>testShortSSN</b><br>Test class: TestBoAForgotCredentialsPage</td>
<td></td>
<td>2</td>
<td>TestBoAForgotCredentialsPage@153f5a29</td></tr>
<tr>
<td title='TestBoAHome.testSignInMessageNoOnlineId()'><b>testSignInMessageNoOnlineId</b><br>Test class: TestBoAHome</td>
<td></td>
<td>2</td>
<td>TestBoAHome@13a57a3b</td></tr>
<tr>
<td title='TestBoAHome.testSignInMessageNoPasscode()'><b>testSignInMessageNoPasscode</b><br>Test class: TestBoAHome</td>
<td></td>
<td>2</td>
<td>TestBoAHome@13a57a3b</td></tr>
<tr>
<td title='TestBoAHome.testSignInText()'><b>testSignInText</b><br>Test class: TestBoAHome</td>
<td></td>
<td>0</td>
<td>TestBoAHome@13a57a3b</td></tr>
<tr>
<td title='TestBoAHome.testSmallBusinessTab()'><b>testSmallBusinessTab</b><br>Test class: TestBoAHome</td>
<td></td>
<td>4</td>
<td>TestBoAHome@13a57a3b</td></tr>
<tr>
<td title='TestBoAHome.testSmallBusinessTitle()'><b>testSmallBusinessTitle</b><br>Test class: TestBoAHome</td>
<td></td>
<td>4</td>
<td>TestBoAHome@13a57a3b</td></tr>
<tr>
<td title='TestBoAForgotCredentialsPage.testTitle()'><b>testTitle</b><br>Test class: TestBoAForgotCredentialsPage</td>
<td></td>
<td>0</td>
<td>TestBoAForgotCredentialsPage@153f5a29</td></tr>
<tr>
<td title='TestBoAHome.testWealthManagementUrl()'><b>testWealthManagementUrl</b><br>Test class: TestBoAHome</td>
<td></td>
<td>4</td>
<td>TestBoAHome@13a57a3b</td></tr>
<tr>
<td title='TestBoAHome.testWealthMgmtTitle()'><b>testWealthMgmtTitle</b><br>Test class: TestBoAHome</td>
<td></td>
<td>4</td>
<td>TestBoAHome@13a57a3b</td></tr>
</table><p>
</body>
</html>