<?xml version="1.0" encoding="UTF-8"?>
<!-- Generated by org.testng.reporters.JUnitXMLReporter -->
<testsuite hostname="Saqibs-MacBook-Pro.local" tests="62" failures="2" timestamp="28 Mar 2019 08:07:33 GMT" time="416.169" errors="0">
  <testcase name="testTitle" time="0.518" classname="TestBoAForgotCredentialsPage"/>
  <testcase name="testBoAHomeTitle" time="0.031" classname="TestBoAHome"/>
  <testcase name="testLocationsUrl" time="0.029" classname="TestBoALocationsPage"/>
  <testcase name="testForgotLogo" time="0.273" classname="TestBoAForgotCredentialsPage"/>
  <testcase name="testOnlineId" time="0.697" classname="TestBoAHome"/>
  <testcase name="testLocationsTitle" time="0.011" classname="TestBoALocationsPage"/>
  <testcase name="testAccntNumBox" time="0.255" classname="TestBoAForgotCredentialsPage"/>
  <testcase name="testPasscode" time="0.579" classname="TestBoAHome"/>
  <testcase name="testBankAtmLogo" time="0.046" classname="TestBoALocationsPage"/>
  <testcase name="testAccntNumInput" time="0.192" classname="TestBoAForgotCredentialsPage"/>
  <testcase name="testSignInMessageNoPasscode" time="2.075" classname="TestBoAHome"/>
  <testcase name="testLocationsPlaceHolder" time="0.039" classname="TestBoALocationsPage"/>
  <testcase name="testAccntNumEnter" time="0.852" classname="TestBoAForgotCredentialsPage"/>
  <testcase name="testSignInMessageNoOnlineId" time="2.068" classname="TestBoAHome"/>
  <testcase name="testFilterSearch" time="0.047" classname="TestBoALocationsPage"/>
  <testcase name="testSSNEnter" time="0.37" classname="TestBoAForgotCredentialsPage"/>
  <testcase name="testOnlineIDPlaceHolder" time="0.078" classname="TestBoAHome"/>
  <testcase name="testFilterMessage" time="2.26" classname="TestBoALocationsPage"/>
  <testcase name="testCredentials" time="1.004" classname="TestBoAForgotCredentialsPage"/>
  <testcase name="testBoALogo" time="0.323" classname="TestBoAHome"/>
  <testcase name="testFilterClicks" time="6.475" classname="TestBoALocationsPage"/>
  <testcase name="testShortAcctNum" time="1.335" classname="TestBoAForgotCredentialsPage"/>
  <testcase name="testCheckingTab" time="0.058" classname="TestBoAHome"/>
  <testcase name="testClearFilter" time="8.441" classname="TestBoALocationsPage"/>
  <testcase name="testShortSSN" time="2.762" classname="TestBoAForgotCredentialsPage"/>
  <testcase name="testSavingsTab" time="0.425" classname="TestBoAHome"/>
  <testcase name="testDoneFilter" time="10.454" classname="TestBoALocationsPage"/>
  <testcase name="testCancelBtn" time="1.164" classname="TestBoAForgotCredentialsPage"/>
  <testcase name="testCreditCardsTab" time="0.089" classname="TestBoAHome"/>
  <testcase name="testSearchBtnHolder" time="0.049" classname="TestBoALocationsPage"/>
  <testcase name="testHomeLoansTab" time="0.071" classname="TestBoAHome"/>
  <testcase name="testSearchInput" time="2.203" classname="TestBoALocationsPage"/>
  <testcase name="testAutoLoansTab" time="0.049" classname="TestBoAHome"/>
  <testcase name="testMapZoomIn" time="2.65" classname="TestBoALocationsPage"/>
  <testcase name="testInvestingTab" time="0.053" classname="TestBoAHome"/>
  <testcase name="testMapZoomOut" time="2.612" classname="TestBoALocationsPage"/>
  <testcase name="testBetterMoneyTab" time="0.063" classname="TestBoAHome"/>
  <testcase name="testMapFullScreen" time="2.671" classname="TestBoALocationsPage"/>
  <testcase name="testCreditCardCashBack" time="14.564" classname="TestBoAHome"/>
  <testcase name="testMapExitFullScreen" time="2.812" classname="TestBoALocationsPage"/>
  <testcase name="testSignInText" time="0.061" classname="TestBoAHome"/>
  <testcase name="testClickNY" time="4.087" classname="TestBoALocationsPage"/>
  <testcase name="testCreditCardTravels" time="10.173" classname="TestBoAHome"/>
  <testcase name="testAstoriaLink" time="5.481" classname="TestBoALocationsPage"/>
  <testcase name="testCreditCardLowerInterest" time="10.0" classname="TestBoAHome"/>
  <testcase name="testInternationLink" time="2.711" classname="TestBoALocationsPage">
    <failure type="java.lang.AssertionError" message="expected [https://locators.bankofamerica.com/international.html&amp;amp;check_list=4397] but found [https://locators.bankofamerica.com/international.html]">
      <![CDATA[java.lang.AssertionError: expected [https://locators.bankofamerica.com/international.html&check_list=4397] but found [https://locators.bankofamerica.com/international.html]
	at BoALocationsPage.internationalAtms(BoALocationsPage.java:181)
	at TestBoALocationsPage.testInternationLink(TestBoALocationsPage.java:109)
... Removed 39 stack frames]]>
    </failure>
  </testcase> <!-- testInternationLink -->
  <testcase name="testCreditCardPointsRewards" time="10.086" classname="TestBoAHome"/>
  <testcase name="testCreditCardBuildCreditCards" time="10.201" classname="TestBoAHome"/>
  <testcase name="testSearchSuggestion" time="13.157" classname="TestBoAHome">
    <failure type="org.openqa.selenium.NoSuchElementException" message="no such element: Unable to locate element: {&amp;quot;method&amp;quot;:&amp;quot;xpath&amp;quot;,&amp;quot;selector&amp;quot;:&amp;quot;//*[@id=&amp;quot;searchStub&amp;quot;]/div/div/form/div[2]/p&amp;quot;}
  (Session info: chrome=73.0.3683.86)
  (Driver info: chromedriver=2.46.628411 (3324f4c8be9ff2f70a05a30ebc72ffb013e1a71e),platform=Mac OS X 10.14.3 x86_64) (WARNING: The server did not provide any stacktrace information)
Command duration or timeout: 0 milliseconds
For documentation on this error, please visit: https://www.seleniumhq.org/exceptions/no_such_element.html
Build info: version: &amp;apos;3.141.59&amp;apos;, revision: &amp;apos;e82be7d358&amp;apos;, time: &amp;apos;2018-11-14T08:17:03&amp;apos;
System info: host: &amp;apos;Saqibs-MacBook-Pro.local&amp;apos;, ip: &amp;apos;fe80:0:0:0:f9:630b:388:f57b%en0&amp;apos;, os.name: &amp;apos;Mac OS X&amp;apos;, os.arch: &amp;apos;x86_64&amp;apos;, os.version: &amp;apos;10.14.3&amp;apos;, java.version: &amp;apos;1.8.0_73&amp;apos;
Driver info: org.openqa.selenium.chrome.ChromeDriver
Capabilities {acceptInsecureCerts: false, acceptSslCerts: false, applicationCacheEnabled: false, browserConnectionEnabled: false, browserName: chrome, chrome: {chromedriverVersion: 2.46.628411 (3324f4c8be9ff2..., userDataDir: /var/folders/x2/7d20k9ks6j7...}, cssSelectorsEnabled: true, databaseEnabled: false, goog:chromeOptions: {debuggerAddress: localhost:63389}, handlesAlerts: true, hasTouchScreen: false, javascriptEnabled: true, locationContextEnabled: true, mobileEmulationEnabled: false, nativeEvents: true, networkConnectionEnabled: false, pageLoadStrategy: normal, platform: MAC, platformName: MAC, proxy: Proxy(), rotatable: false, setWindowRect: true, strictFileInteractability: false, takesHeapSnapshot: true, takesScreenshot: true, timeouts: {implicit: 0, pageLoad: 300000, script: 30000}, unexpectedAlertBehaviour: ignore, unhandledPromptBehavior: ignore, version: 73.0.3683.86, webStorageEnabled: true}
Session ID: 834770bdc43bf15c4d97c5e7a2833076
*** Element info: {Using=xpath, value=//*[@id=&amp;quot;searchStub&amp;quot;]/div/div/form/div[2]/p}">
      <![CDATA[org.openqa.selenium.NoSuchElementException: no such element: Unable to locate element: {"method":"xpath","selector":"//*[@id="searchStub"]/div/div/form/div[2]/p"}
  (Session info: chrome=73.0.3683.86)
  (Driver info: chromedriver=2.46.628411 (3324f4c8be9ff2f70a05a30ebc72ffb013e1a71e),platform=Mac OS X 10.14.3 x86_64) (WARNING: The server did not provide any stacktrace information)
Command duration or timeout: 0 milliseconds
For documentation on this error, please visit: https://www.seleniumhq.org/exceptions/no_such_element.html
Build info: version: '3.141.59', revision: 'e82be7d358', time: '2018-11-14T08:17:03'
System info: host: 'Saqibs-MacBook-Pro.local', ip: 'fe80:0:0:0:f9:630b:388:f57b%en0', os.name: 'Mac OS X', os.arch: 'x86_64', os.version: '10.14.3', java.version: '1.8.0_73'
Driver info: org.openqa.selenium.chrome.ChromeDriver
Capabilities {acceptInsecureCerts: false, acceptSslCerts: false, applicationCacheEnabled: false, browserConnectionEnabled: false, browserName: chrome, chrome: {chromedriverVersion: 2.46.628411 (3324f4c8be9ff2..., userDataDir: /var/folders/x2/7d20k9ks6j7...}, cssSelectorsEnabled: true, databaseEnabled: false, goog:chromeOptions: {debuggerAddress: localhost:63389}, handlesAlerts: true, hasTouchScreen: false, javascriptEnabled: true, locationContextEnabled: true, mobileEmulationEnabled: false, nativeEvents: true, networkConnectionEnabled: false, pageLoadStrategy: normal, platform: MAC, platformName: MAC, proxy: Proxy(), rotatable: false, setWindowRect: true, strictFileInteractability: false, takesHeapSnapshot: true, takesScreenshot: true, timeouts: {implicit: 0, pageLoad: 300000, script: 30000}, unexpectedAlertBehaviour: ignore, unhandledPromptBehavior: ignore, version: 73.0.3683.86, webStorageEnabled: true}
Session ID: 834770bdc43bf15c4d97c5e7a2833076
*** Element info: {Using=xpath, value=//*[@id="searchStub"]/div/div/form/div[2]/p}
	at org.openqa.selenium.remote.ErrorHandler.createThrowable(ErrorHandler.java:214)
	at org.openqa.selenium.remote.ErrorHandler.throwIfResponseFailed(ErrorHandler.java:166)
	at org.openqa.selenium.remote.http.JsonHttpResponseCodec.reconstructValue(JsonHttpResponseCodec.java:40)
	at org.openqa.selenium.remote.http.AbstractHttpResponseCodec.decode(AbstractHttpResponseCodec.java:80)
	at org.openqa.selenium.remote.http.AbstractHttpResponseCodec.decode(AbstractHttpResponseCodec.java:44)
	at org.openqa.selenium.remote.HttpCommandExecutor.execute(HttpCommandExecutor.java:158)
	at org.openqa.selenium.remote.service.DriverCommandExecutor.execute(DriverCommandExecutor.java:83)
	at org.openqa.selenium.remote.RemoteWebDriver.execute(RemoteWebDriver.java:552)
	at org.openqa.selenium.remote.RemoteWebDriver.findElement(RemoteWebDriver.java:323)
	at org.openqa.selenium.remote.RemoteWebDriver.findElementByXPath(RemoteWebDriver.java:428)
	at org.openqa.selenium.By$ByXPath.findElement(By.java:353)
	at org.openqa.selenium.remote.RemoteWebDriver.findElement(RemoteWebDriver.java:315)
	at org.openqa.selenium.support.pagefactory.DefaultElementLocator.findElement(DefaultElementLocator.java:69)
	at org.openqa.selenium.support.pagefactory.internal.LocatingElementHandler.invoke(LocatingElementHandler.java:38)
	at com.sun.proxy.$Proxy11.getText(Unknown Source)
	at BoAHome.clickSearchBar(BoAHome.java:237)
	at TestBoAHome.testSearchSuggestion(TestBoAHome.java:123)
... Removed 38 stack frames]]>
    </failure>
  </testcase> <!-- testSearchSuggestion -->
  <testcase name="testSearchPlaceHolder" time="0.061" classname="TestBoAHome"/>
  <testcase name="testSmallBusinessTab" time="4.12" classname="TestBoAHome"/>
  <testcase name="testSmallBusinessTitle" time="4.391" classname="TestBoAHome"/>
  <testcase name="testWealthManagementUrl" time="4.46" classname="TestBoAHome"/>
  <testcase name="testWealthMgmtTitle" time="4.416" classname="TestBoAHome"/>
  <testcase name="testBusinessInstitutionUrl" time="5.415" classname="TestBoAHome"/>
  <testcase name="testBusinessInstitutionTitle" time="6.36" classname="TestBoAHome"/>
  <testcase name="testAboutUsUrl" time="7.588" classname="TestBoAHome"/>
  <testcase name="testSaveCredentials" time="1.844" classname="TestBoAHome"/>
  <testcase name="testEspanolLink" time="1.116" classname="TestBoAHome"/>
  <testcase name="testEspanolTitle" time="1.008" classname="TestBoAHome"/>
  <testcase name="testContactUs" time="1.037" classname="TestBoAHome"/>
  <testcase name="testContactUsTitle" time="0.986" classname="TestBoAHome"/>
</testsuite>
