<?xml version="1.0" encoding="UTF-8" ?>
<testsuite tests="118" failures="2" name="TestGithubHomePage" time="0.773" errors="0" skipped="116">
  <properties>
    <property name="idea.version" value="2018.3.5"/>
    <property name="java.runtime.name" value="Java(TM) SE Runtime Environment"/>
    <property name="sun.boot.library.path" value="/Library/Java/JavaVirtualMachines/jdk1.8.0_131.jdk/Contents/Home/jre/lib"/>
    <property name="java.vm.version" value="25.131-b11"/>
    <property name="gopherProxySet" value="false"/>
    <property name="java.vm.vendor" value="Oracle Corporation"/>
    <property name="maven.multiModuleProjectDirectory" value="/Users/amir/Desktop/AutomationFrameworkGroup2"/>
    <property name="java.vendor.url" value="http://java.oracle.com/"/>
    <property name="path.separator" value=":"/>
    <property name="guice.disable.misplaced.annotation.check" value="true"/>
    <property name="java.vm.name" value="Java HotSpot(TM) 64-Bit Server VM"/>
    <property name="file.encoding.pkg" value="sun.io"/>
    <property name="user.country" value="US"/>
    <property name="sun.java.launcher" value="SUN_STANDARD"/>
    <property name="sun.os.patch.level" value="unknown"/>
    <property name="java.vm.specification.name" value="Java Virtual Machine Specification"/>
    <property name="user.dir" value="/Users/amir/Desktop/AutomationFrameworkGroup2"/>
    <property name="java.runtime.version" value="1.8.0_131-b11"/>
    <property name="java.awt.graphicsenv" value="sun.awt.CGraphicsEnvironment"/>
    <property name="java.endorsed.dirs" value="/Library/Java/JavaVirtualMachines/jdk1.8.0_131.jdk/Contents/Home/jre/lib/endorsed"/>
    <property name="os.arch" value="x86_64"/>
    <property name="java.io.tmpdir" value="/var/folders/4t/056t6gvd665brq78q_xtd4ww0000gn/T/"/>
    <property name="line.separator" value="
"/>
    <property name="java.vm.specification.vendor" value="Oracle Corporation"/>
    <property name="os.name" value="Mac OS X"/>
    <property name="classworlds.conf" value="/Applications/IntelliJ IDEA CE.app/Contents/plugins/maven/lib/maven3/bin/m2.conf"/>
    <property name="sun.jnu.encoding" value="UTF-8"/>
    <property name="java.library.path" value="/Users/amir/Library/Java/Extensions:/Library/Java/Extensions:/Network/Library/Java/Extensions:/System/Library/Java/Extensions:/usr/lib/java:."/>
    <property name="java.specification.name" value="Java Platform API Specification"/>
    <property name="java.class.version" value="52.0"/>
    <property name="sun.management.compiler" value="HotSpot 64-Bit Tiered Compilers"/>
    <property name="os.version" value="10.14.1"/>
    <property name="http.nonProxyHosts" value="local|*.local|169.254/16|*.169.254/16"/>
    <property name="user.home" value="/Users/amir"/>
    <property name="user.timezone" value="America/New_York"/>
    <property name="java.awt.printerjob" value="sun.lwawt.macosx.CPrinterJob"/>
    <property name="java.specification.version" value="1.8"/>
    <property name="file.encoding" value="UTF-8"/>
    <property name="user.name" value="amir"/>
    <property name="java.class.path" value="/Applications/IntelliJ IDEA CE.app/Contents/plugins/maven/lib/maven3/boot/plexus-classworlds-2.5.2.jar:/Applications/IntelliJ IDEA CE.app/Contents/lib/idea_rt.jar"/>
    <property name="java.vm.specification.version" value="1.8"/>
    <property name="sun.arch.data.model" value="64"/>
    <property name="java.home" value="/Library/Java/JavaVirtualMachines/jdk1.8.0_131.jdk/Contents/Home/jre"/>
    <property name="sun.java.command" value="org.codehaus.classworlds.Launcher -Didea.version=2018.3.5 install"/>
    <property name="java.specification.vendor" value="Oracle Corporation"/>
    <property name="user.language" value="en"/>
    <property name="awt.toolkit" value="sun.lwawt.macosx.LWCToolkit"/>
    <property name="java.vm.info" value="mixed mode"/>
    <property name="java.version" value="1.8.0_131"/>
    <property name="java.ext.dirs" value="/Users/amir/Library/Java/Extensions:/Library/Java/JavaVirtualMachines/jdk1.8.0_131.jdk/Contents/Home/jre/lib/ext:/Library/Java/Extensions:/Network/Library/Java/Extensions:/System/Library/Java/Extensions:/usr/lib/java"/>
    <property name="sun.boot.class.path" value="/Library/Java/JavaVirtualMachines/jdk1.8.0_131.jdk/Contents/Home/jre/lib/resources.jar:/Library/Java/JavaVirtualMachines/jdk1.8.0_131.jdk/Contents/Home/jre/lib/rt.jar:/Library/Java/JavaVirtualMachines/jdk1.8.0_131.jdk/Contents/Home/jre/lib/sunrsasign.jar:/Library/Java/JavaVirtualMachines/jdk1.8.0_131.jdk/Contents/Home/jre/lib/jsse.jar:/Library/Java/JavaVirtualMachines/jdk1.8.0_131.jdk/Contents/Home/jre/lib/jce.jar:/Library/Java/JavaVirtualMachines/jdk1.8.0_131.jdk/Contents/Home/jre/lib/charsets.jar:/Library/Java/JavaVirtualMachines/jdk1.8.0_131.jdk/Contents/Home/jre/lib/jfr.jar:/Library/Java/JavaVirtualMachines/jdk1.8.0_131.jdk/Contents/Home/jre/classes"/>
    <property name="java.vendor" value="Oracle Corporation"/>
    <property name="maven.home" value="/Applications/IntelliJ IDEA CE.app/Contents/plugins/maven/lib/maven3"/>
    <property name="file.separator" value="/"/>
    <property name="java.vendor.url.bug" value="http://bugreport.sun.com/bugreport/"/>
    <property name="sun.cpu.endian" value="little"/>
    <property name="sun.io.unicode.encoding" value="UnicodeBig"/>
    <property name="socksNonProxyHosts" value="local|*.local|169.254/16|*.169.254/16"/>
    <property name="ftp.nonProxyHosts" value="local|*.local|169.254/16|*.169.254/16"/>
    <property name="sun.cpu.isalist" value=""/>
  </properties>
  <testcase classname="TestGithubHomePage" name="TestAboutButton" time="0.026">
    <failure message="no such window: target window already closed
from unknown error: web view not found
  (Session info: chrome=73.0.3683.86)
  (Driver info: chromedriver=2.46.628411 (3324f4c8be9ff2f70a05a30ebc72ffb013e1a71e),platform=Mac OS X 10.14.1 x86_64) (WARNING: The server did not provide any stacktrace information)
Command duration or timeout: 0 milliseconds
Build info: version: &apos;3.141.59&apos;, revision: &apos;e82be7d358&apos;, time: &apos;2018-11-14T08:17:03&apos;
System info: host: &apos;Mohammads-MacBook-Pro-4.local&apos;, ip: &apos;fd93:d19b:5c45:0:7db3:85fc:4e66:6da6&apos;, os.name: &apos;Mac OS X&apos;, os.arch: &apos;x86_64&apos;, os.version: &apos;10.14.1&apos;, java.version: &apos;1.8.0_131&apos;
Driver info: org.openqa.selenium.chrome.ChromeDriver
Capabilities {acceptInsecureCerts: false, acceptSslCerts: false, applicationCacheEnabled: false, browserConnectionEnabled: false, browserName: chrome, chrome: {chromedriverVersion: 2.46.628411 (3324f4c8be9ff2..., userDataDir: /var/folders/4t/056t6gvd665...}, cssSelectorsEnabled: true, databaseEnabled: false, goog:chromeOptions: {debuggerAddress: localhost:54144}, handlesAlerts: true, hasTouchScreen: false, javascriptEnabled: true, locationContextEnabled: true, mobileEmulationEnabled: false, nativeEvents: true, networkConnectionEnabled: false, pageLoadStrategy: normal, platform: MAC, platformName: MAC, proxy: Proxy(), rotatable: false, setWindowRect: true, strictFileInteractability: false, takesHeapSnapshot: true, takesScreenshot: true, timeouts: {implicit: 0, pageLoad: 300000, script: 30000}, unexpectedAlertBehaviour: ignore, unhandledPromptBehavior: ignore, version: 73.0.3683.86, webStorageEnabled: true}
Session ID: a0264d8cbad30f8a3bc157f461eb087d" type="org.openqa.selenium.NoSuchWindowException">org.openqa.selenium.NoSuchWindowException: no such window: target window already closed
from unknown error: web view not found
  (Session info: chrome=73.0.3683.86)
  (Driver info: chromedriver=2.46.628411 (3324f4c8be9ff2f70a05a30ebc72ffb013e1a71e),platform=Mac OS X 10.14.1 x86_64) (WARNING: The server did not provide any stacktrace information)
Command duration or timeout: 0 milliseconds
Build info: version: &apos;3.141.59&apos;, revision: &apos;e82be7d358&apos;, time: &apos;2018-11-14T08:17:03&apos;
System info: host: &apos;Mohammads-MacBook-Pro-4.local&apos;, ip: &apos;fd93:d19b:5c45:0:7db3:85fc:4e66:6da6&apos;, os.name: &apos;Mac OS X&apos;, os.arch: &apos;x86_64&apos;, os.version: &apos;10.14.1&apos;, java.version: &apos;1.8.0_131&apos;
Driver info: org.openqa.selenium.chrome.ChromeDriver
Capabilities {acceptInsecureCerts: false, acceptSslCerts: false, applicationCacheEnabled: false, browserConnectionEnabled: false, browserName: chrome, chrome: {chromedriverVersion: 2.46.628411 (3324f4c8be9ff2..., userDataDir: /var/folders/4t/056t6gvd665...}, cssSelectorsEnabled: true, databaseEnabled: false, goog:chromeOptions: {debuggerAddress: localhost:54144}, handlesAlerts: true, hasTouchScreen: false, javascriptEnabled: true, locationContextEnabled: true, mobileEmulationEnabled: false, nativeEvents: true, networkConnectionEnabled: false, pageLoadStrategy: normal, platform: MAC, platformName: MAC, proxy: Proxy(), rotatable: false, setWindowRect: true, strictFileInteractability: false, takesHeapSnapshot: true, takesScreenshot: true, timeouts: {implicit: 0, pageLoad: 300000, script: 30000}, unexpectedAlertBehaviour: ignore, unhandledPromptBehavior: ignore, version: 73.0.3683.86, webStorageEnabled: true}
Session ID: a0264d8cbad30f8a3bc157f461eb087d
	at sun.reflect.NativeConstructorAccessorImpl.newInstance0(Native Method)
	at sun.reflect.NativeConstructorAccessorImpl.newInstance(NativeConstructorAccessorImpl.java:62)
	at sun.reflect.DelegatingConstructorAccessorImpl.newInstance(DelegatingConstructorAccessorImpl.java:45)
	at java.lang.reflect.Constructor.newInstance(Constructor.java:423)
	at org.openqa.selenium.remote.ErrorHandler.createThrowable(ErrorHandler.java:214)
	at org.openqa.selenium.remote.ErrorHandler.throwIfResponseFailed(ErrorHandler.java:166)
	at org.openqa.selenium.remote.http.JsonHttpResponseCodec.reconstructValue(JsonHttpResponseCodec.java:40)
	at org.openqa.selenium.remote.http.AbstractHttpResponseCodec.decode(AbstractHttpResponseCodec.java:80)
	at org.openqa.selenium.remote.http.AbstractHttpResponseCodec.decode(AbstractHttpResponseCodec.java:44)
	at org.openqa.selenium.remote.HttpCommandExecutor.execute(HttpCommandExecutor.java:158)
	at org.openqa.selenium.remote.service.DriverCommandExecutor.execute(DriverCommandExecutor.java:83)
	at org.openqa.selenium.remote.RemoteWebDriver.execute(RemoteWebDriver.java:552)
	at org.openqa.selenium.remote.RemoteWebDriver.get(RemoteWebDriver.java:277)
	at org.openqa.selenium.remote.RemoteWebDriver$RemoteNavigation.to(RemoteWebDriver.java:857)
	at GithubHomePage.SetAboutButton(GithubHomePage.java:348)
	at TestGithubHomePage.TestAboutButton(TestGithubHomePage.java:140)
</failure>
    <system-out>Configuring TestNG with: org.apache.maven.surefire.testng.conf.TestNG652Configurator@368239c8
Extent Report Directory/Users/amir/Desktop/AutomationFrameworkGroup2/Github/target/surefire-reports/html
</system-out>
    <system-err>Mar 29, 2019 2:25:02 AM com.relevantcodes.extentreports.ExtentReports loadConfig
WARNING: Unable to perform report configuration. The file /Users/amir/Desktop/AutomationFrameworkGroup2/Github/report-config.xml was not found.
Starting ChromeDriver 2.46.628411 (3324f4c8be9ff2f70a05a30ebc72ffb013e1a71e) on port 17624
Only local connections are allowed.
Please protect ports used by ChromeDriver and related test frameworks to prevent access by malicious code.
Mar 29, 2019 2:25:04 AM org.openqa.selenium.remote.ProtocolHandshake createSession
INFO: Detected dialect: OSS
</system-err>
  </testcase>
  <testcase classname="TestGithubHomePage" name="afterEachTestMethod" time="0.209">
    <failure message="no such window: target window already closed
from unknown error: web view not found
  (Session info: chrome=73.0.3683.86)
  (Driver info: chromedriver=2.46.628411 (3324f4c8be9ff2f70a05a30ebc72ffb013e1a71e),platform=Mac OS X 10.14.1 x86_64) (WARNING: The server did not provide any stacktrace information)
Command duration or timeout: 0 milliseconds
Build info: version: &apos;3.141.59&apos;, revision: &apos;e82be7d358&apos;, time: &apos;2018-11-14T08:17:03&apos;
System info: host: &apos;Mohammads-MacBook-Pro-4.local&apos;, ip: &apos;fd93:d19b:5c45:0:7db3:85fc:4e66:6da6&apos;, os.name: &apos;Mac OS X&apos;, os.arch: &apos;x86_64&apos;, os.version: &apos;10.14.1&apos;, java.version: &apos;1.8.0_131&apos;
Driver info: org.openqa.selenium.chrome.ChromeDriver
Capabilities {acceptInsecureCerts: false, acceptSslCerts: false, applicationCacheEnabled: false, browserConnectionEnabled: false, browserName: chrome, chrome: {chromedriverVersion: 2.46.628411 (3324f4c8be9ff2..., userDataDir: /var/folders/4t/056t6gvd665...}, cssSelectorsEnabled: true, databaseEnabled: false, goog:chromeOptions: {debuggerAddress: localhost:54144}, handlesAlerts: true, hasTouchScreen: false, javascriptEnabled: true, locationContextEnabled: true, mobileEmulationEnabled: false, nativeEvents: true, networkConnectionEnabled: false, pageLoadStrategy: normal, platform: MAC, platformName: MAC, proxy: Proxy(), rotatable: false, setWindowRect: true, strictFileInteractability: false, takesHeapSnapshot: true, takesScreenshot: true, timeouts: {implicit: 0, pageLoad: 300000, script: 30000}, unexpectedAlertBehaviour: ignore, unhandledPromptBehavior: ignore, version: 73.0.3683.86, webStorageEnabled: true}
Session ID: a0264d8cbad30f8a3bc157f461eb087d" type="org.openqa.selenium.NoSuchWindowException">org.openqa.selenium.NoSuchWindowException: no such window: target window already closed
from unknown error: web view not found
  (Session info: chrome=73.0.3683.86)
  (Driver info: chromedriver=2.46.628411 (3324f4c8be9ff2f70a05a30ebc72ffb013e1a71e),platform=Mac OS X 10.14.1 x86_64) (WARNING: The server did not provide any stacktrace information)
Command duration or timeout: 0 milliseconds
Build info: version: &apos;3.141.59&apos;, revision: &apos;e82be7d358&apos;, time: &apos;2018-11-14T08:17:03&apos;
System info: host: &apos;Mohammads-MacBook-Pro-4.local&apos;, ip: &apos;fd93:d19b:5c45:0:7db3:85fc:4e66:6da6&apos;, os.name: &apos;Mac OS X&apos;, os.arch: &apos;x86_64&apos;, os.version: &apos;10.14.1&apos;, java.version: &apos;1.8.0_131&apos;
Driver info: org.openqa.selenium.chrome.ChromeDriver
Capabilities {acceptInsecureCerts: false, acceptSslCerts: false, applicationCacheEnabled: false, browserConnectionEnabled: false, browserName: chrome, chrome: {chromedriverVersion: 2.46.628411 (3324f4c8be9ff2..., userDataDir: /var/folders/4t/056t6gvd665...}, cssSelectorsEnabled: true, databaseEnabled: false, goog:chromeOptions: {debuggerAddress: localhost:54144}, handlesAlerts: true, hasTouchScreen: false, javascriptEnabled: true, locationContextEnabled: true, mobileEmulationEnabled: false, nativeEvents: true, networkConnectionEnabled: false, pageLoadStrategy: normal, platform: MAC, platformName: MAC, proxy: Proxy(), rotatable: false, setWindowRect: true, strictFileInteractability: false, takesHeapSnapshot: true, takesScreenshot: true, timeouts: {implicit: 0, pageLoad: 300000, script: 30000}, unexpectedAlertBehaviour: ignore, unhandledPromptBehavior: ignore, version: 73.0.3683.86, webStorageEnabled: true}
Session ID: a0264d8cbad30f8a3bc157f461eb087d
	at sun.reflect.NativeConstructorAccessorImpl.newInstance0(Native Method)
	at sun.reflect.NativeConstructorAccessorImpl.newInstance(NativeConstructorAccessorImpl.java:62)
	at sun.reflect.DelegatingConstructorAccessorImpl.newInstance(DelegatingConstructorAccessorImpl.java:45)
	at java.lang.reflect.Constructor.newInstance(Constructor.java:423)
	at org.openqa.selenium.remote.ErrorHandler.createThrowable(ErrorHandler.java:214)
	at org.openqa.selenium.remote.ErrorHandler.throwIfResponseFailed(ErrorHandler.java:166)
	at org.openqa.selenium.remote.http.JsonHttpResponseCodec.reconstructValue(JsonHttpResponseCodec.java:40)
	at org.openqa.selenium.remote.http.AbstractHttpResponseCodec.decode(AbstractHttpResponseCodec.java:80)
	at org.openqa.selenium.remote.http.AbstractHttpResponseCodec.decode(AbstractHttpResponseCodec.java:44)
	at org.openqa.selenium.remote.HttpCommandExecutor.execute(HttpCommandExecutor.java:158)
	at org.openqa.selenium.remote.service.DriverCommandExecutor.execute(DriverCommandExecutor.java:83)
	at org.openqa.selenium.remote.RemoteWebDriver.execute(RemoteWebDriver.java:552)
	at org.openqa.selenium.remote.RemoteWebDriver.execute(RemoteWebDriver.java:609)
	at org.openqa.selenium.remote.RemoteWebDriver.getScreenshotAs(RemoteWebDriver.java:295)
	at base.CommonAPI.captureScreenshot(CommonAPI.java:257)
	at base.CommonAPI.afterEachTestMethod(CommonAPI.java:78)
	at sun.reflect.NativeMethodAccessorImpl.invoke0(Native Method)
	at sun.reflect.NativeMethodAccessorImpl.invoke(NativeMethodAccessorImpl.java:62)
	at sun.reflect.DelegatingMethodAccessorImpl.invoke(DelegatingMethodAccessorImpl.java:43)
	at java.lang.reflect.Method.invoke(Method.java:498)
	at org.testng.internal.MethodInvocationHelper.invokeMethod(MethodInvocationHelper.java:84)
	at org.testng.internal.Invoker.invokeConfigurationMethod(Invoker.java:564)
	at org.testng.internal.Invoker.invokeConfigurations(Invoker.java:213)
	at org.testng.internal.Invoker.invokeMethod(Invoker.java:786)
	at org.testng.internal.Invoker.invokeTestMethod(Invoker.java:901)
	at org.testng.internal.Invoker.invokeTestMethods(Invoker.java:1231)
	at org.testng.internal.TestMethodWorker.invokeTestMethods(TestMethodWorker.java:127)
	at org.testng.internal.TestMethodWorker.run(TestMethodWorker.java:111)
	at org.testng.TestRunner.privateRun(TestRunner.java:767)
	at org.testng.TestRunner.run(TestRunner.java:617)
	at org.testng.SuiteRunner.runTest(SuiteRunner.java:334)
	at org.testng.SuiteRunner.runSequentially(SuiteRunner.java:329)
	at org.testng.SuiteRunner.privateRun(SuiteRunner.java:291)
	at org.testng.SuiteRunner.run(SuiteRunner.java:240)
	at org.testng.SuiteRunnerWorker.runSuite(SuiteRunnerWorker.java:52)
	at org.testng.SuiteRunnerWorker.run(SuiteRunnerWorker.java:86)
	at org.testng.TestNG.runSuitesSequentially(TestNG.java:1224)
	at org.testng.TestNG.runSuitesLocally(TestNG.java:1149)
	at org.testng.TestNG.run(TestNG.java:1057)
	at org.apache.maven.surefire.testng.TestNGExecutor.run(TestNGExecutor.java:77)
	at org.apache.maven.surefire.testng.TestNGDirectoryTestSuite.execute(TestNGDirectoryTestSuite.java:110)
	at org.apache.maven.surefire.testng.TestNGProvider.invoke(TestNGProvider.java:106)
	at sun.reflect.NativeMethodAccessorImpl.invoke0(Native Method)
	at sun.reflect.NativeMethodAccessorImpl.invoke(NativeMethodAccessorImpl.java:62)
	at sun.reflect.DelegatingMethodAccessorImpl.invoke(DelegatingMethodAccessorImpl.java:43)
	at java.lang.reflect.Method.invoke(Method.java:498)
	at org.apache.maven.surefire.util.ReflectionUtils.invokeMethodWithArray(ReflectionUtils.java:189)
	at org.apache.maven.surefire.booter.ProviderFactory$ProviderProxy.invoke(ProviderFactory.java:165)
	at org.apache.maven.surefire.booter.ProviderFactory.invokeProvider(ProviderFactory.java:85)
	at org.apache.maven.surefire.booter.ForkedBooter.runSuitesInProcess(ForkedBooter.java:115)
	at org.apache.maven.surefire.booter.ForkedBooter.main(ForkedBooter.java:75)
</failure>
  </testcase>
  <testcase classname="TestGithubHomePage" name="startExtent" time="0.209">
    <skipped/>
  </testcase>
  <testcase classname="TestGithubHomePage" name="TestAtomButton" time="0">
    <skipped/>
  </testcase>
  <testcase classname="TestGithubHomePage" name="afterEachTestMethod" time="0.004">
    <skipped/>
  </testcase>
  <testcase classname="TestGithubHomePage" name="startExtent" time="0.004">
    <skipped/>
  </testcase>
  <testcase classname="TestGithubHomePage" name="TestBlogButton" time="0">
    <skipped/>
  </testcase>
  <testcase classname="TestGithubHomePage" name="afterEachTestMethod" time="0">
    <skipped/>
  </testcase>
  <testcase classname="TestGithubHomePage" name="startExtent" time="0">
    <skipped/>
  </testcase>
  <testcase classname="TestGithubHomePage" name="TestCareersButton" time="0.001">
    <skipped/>
  </testcase>
  <testcase classname="TestGithubHomePage" name="afterEachTestMethod" time="0.001">
    <skipped/>
  </testcase>
  <testcase classname="TestGithubHomePage" name="startExtent" time="0.001">
    <skipped/>
  </testcase>
  <testcase classname="TestGithubHomePage" name="TestCommunityForumButton" time="0">
    <skipped/>
  </testcase>
  <testcase classname="TestGithubHomePage" name="afterEachTestMethod" time="0.003">
    <skipped/>
  </testcase>
  <testcase classname="TestGithubHomePage" name="startExtent" time="0.003">
    <skipped/>
  </testcase>
  <testcase classname="TestGithubHomePage" name="TestComparePlansButton" time="0">
    <skipped/>
  </testcase>
  <testcase classname="TestGithubHomePage" name="afterEachTestMethod" time="0">
    <skipped/>
  </testcase>
  <testcase classname="TestGithubHomePage" name="startExtent" time="0">
    <skipped/>
  </testcase>
  <testcase classname="TestGithubHomePage" name="TestContactGithubButton" time="0">
    <skipped/>
  </testcase>
  <testcase classname="TestGithubHomePage" name="afterEachTestMethod" time="0">
    <skipped/>
  </testcase>
  <testcase classname="TestGithubHomePage" name="startExtent" time="0">
    <skipped/>
  </testcase>
  <testcase classname="TestGithubHomePage" name="TestContactSalesButton" time="0">
    <skipped/>
  </testcase>
  <testcase classname="TestGithubHomePage" name="afterEachTestMethod" time="0">
    <skipped/>
  </testcase>
  <testcase classname="TestGithubHomePage" name="startExtent" time="0">
    <skipped/>
  </testcase>
  <testcase classname="TestGithubHomePage" name="TestContactSalesForInfoButton" time="0">
    <skipped/>
  </testcase>
  <testcase classname="TestGithubHomePage" name="afterEachTestMethod" time="0">
    <skipped/>
  </testcase>
  <testcase classname="TestGithubHomePage" name="startExtent" time="0.001">
    <skipped/>
  </testcase>
  <testcase classname="TestGithubHomePage" name="TestCustomerStoriesButton" time="0">
    <skipped/>
  </testcase>
  <testcase classname="TestGithubHomePage" name="afterEachTestMethod" time="0">
    <skipped/>
  </testcase>
  <testcase classname="TestGithubHomePage" name="startExtent" time="0">
    <skipped/>
  </testcase>
  <testcase classname="TestGithubHomePage" name="TestDeveloperAPIButton" time="0">
    <skipped/>
  </testcase>
  <testcase classname="TestGithubHomePage" name="afterEachTestMethod" time="0">
    <skipped/>
  </testcase>
  <testcase classname="TestGithubHomePage" name="startExtent" time="0">
    <skipped/>
  </testcase>
  <testcase classname="TestGithubHomePage" name="TestDropDownWhyButton" time="0">
    <skipped/>
  </testcase>
  <testcase classname="TestGithubHomePage" name="afterEachTestMethod" time="0.003">
    <skipped/>
  </testcase>
  <testcase classname="TestGithubHomePage" name="startExtent" time="0.003">
    <skipped/>
  </testcase>
  <testcase classname="TestGithubHomePage" name="TestElectronButton" time="0">
    <skipped/>
  </testcase>
  <testcase classname="TestGithubHomePage" name="afterEachTestMethod" time="0">
    <skipped/>
  </testcase>
  <testcase classname="TestGithubHomePage" name="startExtent" time="0">
    <skipped/>
  </testcase>
  <testcase classname="TestGithubHomePage" name="TestEnterprise2Button" time="0">
    <skipped/>
  </testcase>
  <testcase classname="TestGithubHomePage" name="afterEachTestMethod" time="0">
    <skipped/>
  </testcase>
  <testcase classname="TestGithubHomePage" name="startExtent" time="0">
    <skipped/>
  </testcase>
  <testcase classname="TestGithubHomePage" name="TestEnterpriseButton" time="0">
    <skipped/>
  </testcase>
  <testcase classname="TestGithubHomePage" name="afterEachTestMethod" time="0">
    <skipped/>
  </testcase>
  <testcase classname="TestGithubHomePage" name="startExtent" time="0.003">
    <skipped/>
  </testcase>
  <testcase classname="TestGithubHomePage" name="TestFeatureButton" time="0">
    <skipped/>
  </testcase>
  <testcase classname="TestGithubHomePage" name="afterEachTestMethod" time="0">
    <skipped/>
  </testcase>
  <testcase classname="TestGithubHomePage" name="startExtent" time="0">
    <skipped/>
  </testcase>
  <testcase classname="TestGithubHomePage" name="TestGithubTitle" time="0.001">
    <skipped/>
  </testcase>
  <testcase classname="TestGithubHomePage" name="afterEachTestMethod" time="0.001">
    <skipped/>
  </testcase>
  <testcase classname="TestGithubHomePage" name="startExtent" time="0.001">
    <skipped/>
  </testcase>
  <testcase classname="TestGithubHomePage" name="TestHelpButton" time="0">
    <skipped/>
  </testcase>
  <testcase classname="TestGithubHomePage" name="afterEachTestMethod" time="0">
    <skipped/>
  </testcase>
  <testcase classname="TestGithubHomePage" name="startExtent" time="0">
    <skipped/>
  </testcase>
  <testcase classname="TestGithubHomePage" name="TestMarketplaceButton" time="0">
    <skipped/>
  </testcase>
  <testcase classname="TestGithubHomePage" name="afterEachTestMethod" time="0">
    <skipped/>
  </testcase>
  <testcase classname="TestGithubHomePage" name="startExtent" time="0">
    <skipped/>
  </testcase>
  <testcase classname="TestGithubHomePage" name="TestOrStartAFreeTrialOfEnterpriseServerButton" time="0">
    <skipped/>
  </testcase>
  <testcase classname="TestGithubHomePage" name="afterEachTestMethod" time="0.002">
    <skipped/>
  </testcase>
  <testcase classname="TestGithubHomePage" name="startExtent" time="0.002">
    <skipped/>
  </testcase>
  <testcase classname="TestGithubHomePage" name="TestPartnersButton" time="0">
    <skipped/>
  </testcase>
  <testcase classname="TestGithubHomePage" name="afterEachTestMethod" time="0">
    <skipped/>
  </testcase>
  <testcase classname="TestGithubHomePage" name="startExtent" time="0">
    <skipped/>
  </testcase>
  <testcase classname="TestGithubHomePage" name="TestPressButton" time="0">
    <skipped/>
  </testcase>
  <testcase classname="TestGithubHomePage" name="afterEachTestMethod" time="0">
    <skipped/>
  </testcase>
  <testcase classname="TestGithubHomePage" name="startExtent" time="0">
    <skipped/>
  </testcase>
  <testcase classname="TestGithubHomePage" name="TestPricingButton" time="0">
    <skipped/>
  </testcase>
  <testcase classname="TestGithubHomePage" name="afterEachTestMethod" time="0">
    <skipped/>
  </testcase>
  <testcase classname="TestGithubHomePage" name="startExtent" time="0">
    <skipped/>
  </testcase>
  <testcase classname="TestGithubHomePage" name="TestResourceButton" time="0">
    <skipped/>
  </testcase>
  <testcase classname="TestGithubHomePage" name="afterEachTestMethod" time="0">
    <skipped/>
  </testcase>
  <testcase classname="TestGithubHomePage" name="startExtent" time="0.001">
    <skipped/>
  </testcase>
  <testcase classname="TestGithubHomePage" name="TestRobotLogoExists" time="0">
    <skipped/>
  </testcase>
  <testcase classname="TestGithubHomePage" name="afterEachTestMethod" time="0">
    <skipped/>
  </testcase>
  <testcase classname="TestGithubHomePage" name="startExtent" time="0">
    <skipped/>
  </testcase>
  <testcase classname="TestGithubHomePage" name="TestSearchBox" time="0">
    <skipped/>
  </testcase>
  <testcase classname="TestGithubHomePage" name="afterEachTestMethod" time="0">
    <skipped/>
  </testcase>
  <testcase classname="TestGithubHomePage" name="startExtent" time="0">
    <skipped/>
  </testcase>
  <testcase classname="TestGithubHomePage" name="TestSearchBoxButton" time="0">
    <skipped/>
  </testcase>
  <testcase classname="TestGithubHomePage" name="afterEachTestMethod" time="0">
    <skipped/>
  </testcase>
  <testcase classname="TestGithubHomePage" name="startExtent" time="0.001">
    <skipped/>
  </testcase>
  <testcase classname="TestGithubHomePage" name="TestSecurityButton" time="0">
    <skipped/>
  </testcase>
  <testcase classname="TestGithubHomePage" name="afterEachTestMethod" time="0">
    <skipped/>
  </testcase>
  <testcase classname="TestGithubHomePage" name="startExtent" time="0">
    <skipped/>
  </testcase>
  <testcase classname="TestGithubHomePage" name="TestSetSignUpEmailBox" time="0">
    <skipped/>
  </testcase>
  <testcase classname="TestGithubHomePage" name="afterEachTestMethod" time="0">
    <skipped/>
  </testcase>
  <testcase classname="TestGithubHomePage" name="startExtent" time="0">
    <skipped/>
  </testcase>
  <testcase classname="TestGithubHomePage" name="TestSetSignUpPasswordBox" time="0">
    <skipped/>
  </testcase>
  <testcase classname="TestGithubHomePage" name="afterEachTestMethod" time="0">
    <skipped/>
  </testcase>
  <testcase classname="TestGithubHomePage" name="startExtent" time="0">
    <skipped/>
  </testcase>
  <testcase classname="TestGithubHomePage" name="TestSetSignUpUsernameBox" time="0">
    <skipped/>
  </testcase>
  <testcase classname="TestGithubHomePage" name="afterEachTestMethod" time="0">
    <skipped/>
  </testcase>
  <testcase classname="TestGithubHomePage" name="startExtent" time="0">
    <skipped/>
  </testcase>
  <testcase classname="TestGithubHomePage" name="TestShopButton" time="0.097">
    <skipped/>
  </testcase>
  <testcase classname="TestGithubHomePage" name="afterEachTestMethod" time="0.097">
    <skipped/>
  </testcase>
  <testcase classname="TestGithubHomePage" name="startExtent" time="0.097">
    <skipped/>
  </testcase>
  <testcase classname="TestGithubHomePage" name="TestSignUpButton" time="0">
    <skipped/>
  </testcase>
  <testcase classname="TestGithubHomePage" name="afterEachTestMethod" time="0.001">
    <skipped/>
  </testcase>
  <testcase classname="TestGithubHomePage" name="startExtent" time="0.001">
    <skipped/>
  </testcase>
  <testcase classname="TestGithubHomePage" name="TestSignUpYourTeamButton" time="0">
    <skipped/>
  </testcase>
  <testcase classname="TestGithubHomePage" name="afterEachTestMethod" time="0">
    <skipped/>
  </testcase>
  <testcase classname="TestGithubHomePage" name="startExtent" time="0">
    <skipped/>
  </testcase>
  <testcase classname="TestGithubHomePage" name="TestStatusButton" time="0">
    <skipped/>
  </testcase>
  <testcase classname="TestGithubHomePage" name="afterEachTestMethod" time="0">
    <skipped/>
  </testcase>
  <testcase classname="TestGithubHomePage" name="startExtent" time="0">
    <skipped/>
  </testcase>
  <testcase classname="TestGithubHomePage" name="TestTrainingButton" time="0">
    <skipped/>
  </testcase>
  <testcase classname="TestGithubHomePage" name="afterEachTestMethod" time="0">
    <skipped/>
  </testcase>
  <testcase classname="TestGithubHomePage" name="startExtent" time="0">
    <skipped/>
  </testcase>
  <testcase classname="TestGithubHomePage" name="TestUsernameEmail" time="0">
    <skipped/>
  </testcase>
  <testcase classname="TestGithubHomePage" name="afterEachTestMethod" time="0">
    <skipped/>
  </testcase>
  <testcase classname="TestGithubHomePage" name="startExtent" time="0">
    <skipped/>
  </testcase>
  <testcase classname="TestGithubHomePage" name="TestUsernamePassword" time="0">
    <skipped/>
  </testcase>
  <testcase classname="TestGithubHomePage" name="afterEachTestMethod" time="0">
    <skipped/>
  </testcase>
  <testcase classname="TestGithubHomePage" name="startExtent" time="0">
    <skipped/>
  </testcase>
  <testcase classname="TestGithubHomePage" name="TestUsernameText" time="0">
    <skipped/>
  </testcase>
  <testcase classname="TestGithubHomePage" name="afterEachTestMethod" time="0">
    <skipped/>
  </testcase>
  <testcase classname="TestGithubHomePage" name="cleanUp" time="0">
    <skipped/>
  </testcase>
  <testcase classname="TestGithubHomePage" name="generateReport" time="0">
    <skipped/>
  </testcase>
</testsuite>