<?xml version="1.0" encoding="UTF-8" ?>
<testsuite tests="62" failures="2" name="TestSuite" time="179.496" errors="0" skipped="0">
  <properties>
    <property name="idea.version" value="2018.3.4"/>
    <property name="java.runtime.name" value="Java(TM) SE Runtime Environment"/>
    <property name="sun.boot.library.path" value="/Library/Java/JavaVirtualMachines/jdk1.8.0_73.jdk/Contents/Home/jre/lib"/>
    <property name="java.vm.version" value="25.73-b02"/>
    <property name="gopherProxySet" value="false"/>
    <property name="java.vm.vendor" value="Oracle Corporation"/>
    <property name="maven.multiModuleProjectDirectory" value="/Users/Saqib/Desktop/AutomationFrameworkGroup2/BankOfAmerica"/>
    <property name="java.vendor.url" value="http://java.oracle.com/"/>
    <property name="path.separator" value=":"/>
    <property name="guice.disable.misplaced.annotation.check" value="true"/>
    <property name="java.vm.name" value="Java HotSpot(TM) 64-Bit Server VM"/>
    <property name="file.encoding.pkg" value="sun.io"/>
    <property name="user.country" value="US"/>
    <property name="sun.java.launcher" value="SUN_STANDARD"/>
    <property name="sun.os.patch.level" value="unknown"/>
    <property name="java.vm.specification.name" value="Java Virtual Machine Specification"/>
    <property name="user.dir" value="/Users/Saqib/Desktop/AutomationFrameworkGroup2/BankOfAmerica"/>
    <property name="java.runtime.version" value="1.8.0_73-b02"/>
    <property name="java.awt.graphicsenv" value="sun.awt.CGraphicsEnvironment"/>
    <property name="java.endorsed.dirs" value="/Library/Java/JavaVirtualMachines/jdk1.8.0_73.jdk/Contents/Home/jre/lib/endorsed"/>
    <property name="os.arch" value="x86_64"/>
    <property name="java.io.tmpdir" value="/var/folders/x2/7d20k9ks6j76chkptfvkxk1r0000gn/T/"/>
    <property name="line.separator" value="
"/>
    <property name="java.vm.specification.vendor" value="Oracle Corporation"/>
    <property name="os.name" value="Mac OS X"/>
    <property name="classworlds.conf" value="/Applications/IntelliJ IDEA CE.app/Contents/plugins/maven/lib/maven3/bin/m2.conf"/>
    <property name="sun.jnu.encoding" value="UTF-8"/>
    <property name="java.library.path" value="/Users/Saqib/Library/Java/Extensions:/Library/Java/Extensions:/Network/Library/Java/Extensions:/System/Library/Java/Extensions:/usr/lib/java:."/>
    <property name="java.specification.name" value="Java Platform API Specification"/>
    <property name="java.class.version" value="52.0"/>
    <property name="sun.management.compiler" value="HotSpot 64-Bit Tiered Compilers"/>
    <property name="os.version" value="10.14.3"/>
    <property name="http.nonProxyHosts" value="local|*.local|169.254/16|*.169.254/16"/>
    <property name="user.home" value="/Users/Saqib"/>
    <property name="user.timezone" value="America/New_York"/>
    <property name="java.awt.printerjob" value="sun.lwawt.macosx.CPrinterJob"/>
    <property name="java.specification.version" value="1.8"/>
    <property name="file.encoding" value="UTF-8"/>
    <property name="user.name" value="Saqib"/>
    <property name="java.class.path" value="/Applications/IntelliJ IDEA CE.app/Contents/plugins/maven/lib/maven3/boot/plexus-classworlds-2.5.2.jar:/Applications/IntelliJ IDEA CE.app/Contents/lib/idea_rt.jar"/>
    <property name="java.vm.specification.version" value="1.8"/>
    <property name="sun.arch.data.model" value="64"/>
    <property name="java.home" value="/Library/Java/JavaVirtualMachines/jdk1.8.0_73.jdk/Contents/Home/jre"/>
    <property name="sun.java.command" value="org.codehaus.classworlds.Launcher -Didea.version=2018.3.4 test"/>
    <property name="java.specification.vendor" value="Oracle Corporation"/>
    <property name="user.language" value="en"/>
    <property name="awt.toolkit" value="sun.lwawt.macosx.LWCToolkit"/>
    <property name="java.vm.info" value="mixed mode"/>
    <property name="java.version" value="1.8.0_73"/>
    <property name="java.ext.dirs" value="/Users/Saqib/Library/Java/Extensions:/Library/Java/JavaVirtualMachines/jdk1.8.0_73.jdk/Contents/Home/jre/lib/ext:/Library/Java/Extensions:/Network/Library/Java/Extensions:/System/Library/Java/Extensions:/usr/lib/java"/>
    <property name="sun.boot.class.path" value="/Library/Java/JavaVirtualMachines/jdk1.8.0_73.jdk/Contents/Home/jre/lib/resources.jar:/Library/Java/JavaVirtualMachines/jdk1.8.0_73.jdk/Contents/Home/jre/lib/rt.jar:/Library/Java/JavaVirtualMachines/jdk1.8.0_73.jdk/Contents/Home/jre/lib/sunrsasign.jar:/Library/Java/JavaVirtualMachines/jdk1.8.0_73.jdk/Contents/Home/jre/lib/jsse.jar:/Library/Java/JavaVirtualMachines/jdk1.8.0_73.jdk/Contents/Home/jre/lib/jce.jar:/Library/Java/JavaVirtualMachines/jdk1.8.0_73.jdk/Contents/Home/jre/lib/charsets.jar:/Library/Java/JavaVirtualMachines/jdk1.8.0_73.jdk/Contents/Home/jre/lib/jfr.jar:/Library/Java/JavaVirtualMachines/jdk1.8.0_73.jdk/Contents/Home/jre/classes"/>
    <property name="java.vendor" value="Oracle Corporation"/>
    <property name="maven.home" value="/Applications/IntelliJ IDEA CE.app/Contents/plugins/maven/lib/maven3"/>
    <property name="file.separator" value="/"/>
    <property name="java.vendor.url.bug" value="http://bugreport.sun.com/bugreport/"/>
    <property name="sun.cpu.endian" value="little"/>
    <property name="sun.io.unicode.encoding" value="UnicodeBig"/>
    <property name="socksNonProxyHosts" value="local|*.local|169.254/16|*.169.254/16"/>
    <property name="ftp.nonProxyHosts" value="local|*.local|169.254/16|*.169.254/16"/>
    <property name="sun.cpu.isalist" value=""/>
  </properties>
  <testcase classname="TestBoAForgotCredentialsPage" name="testTitle" time="0.518"/>
  <testcase classname="TestBoAHome" name="testBoAHomeTitle" time="0.031"/>
  <testcase classname="TestBoALocationsPage" name="testLocationsUrl" time="0.027"/>
  <testcase classname="TestBoAForgotCredentialsPage" name="testForgotLogo" time="0.269"/>
  <testcase classname="TestBoAHome" name="testOnlineId" time="0.696"/>
  <testcase classname="TestBoALocationsPage" name="testLocationsTitle" time="0.012"/>
  <testcase classname="TestBoAForgotCredentialsPage" name="testAccntNumBox" time="0.255"/>
  <testcase classname="TestBoAHome" name="testPasscode" time="0.576"/>
  <testcase classname="TestBoALocationsPage" name="testBankAtmLogo" time="0.046"/>
  <testcase classname="TestBoAForgotCredentialsPage" name="testAccntNumInput" time="0.191"/>
  <testcase classname="TestBoAHome" name="testSignInMessageNoPasscode" time="2.075"/>
  <testcase classname="TestBoALocationsPage" name="testLocationsPlaceHolder" time="0.04"/>
  <testcase classname="TestBoAForgotCredentialsPage" name="testAccntNumEnter" time="0.852"/>
  <testcase classname="TestBoAHome" name="testSignInMessageNoOnlineId" time="2.067"/>
  <testcase classname="TestBoALocationsPage" name="testFilterSearch" time="0.046"/>
  <testcase classname="TestBoAForgotCredentialsPage" name="testSSNEnter" time="0.37"/>
  <testcase classname="TestBoAHome" name="testOnlineIDPlaceHolder" time="0.08"/>
  <testcase classname="TestBoALocationsPage" name="testFilterMessage" time="2.259"/>
  <testcase classname="TestBoAForgotCredentialsPage" name="testCredentials" time="1.004"/>
  <testcase classname="TestBoAHome" name="testBoALogo" time="0.324"/>
  <testcase classname="TestBoALocationsPage" name="testFilterClicks" time="6.475"/>
  <testcase classname="TestBoAForgotCredentialsPage" name="testShortAcctNum" time="1.333"/>
  <testcase classname="TestBoAHome" name="testCheckingTab" time="0.057"/>
  <testcase classname="TestBoALocationsPage" name="testClearFilter" time="8.441"/>
  <testcase classname="TestBoAForgotCredentialsPage" name="testShortSSN" time="2.762"/>
  <testcase classname="TestBoAHome" name="testSavingsTab" time="0.425"/>
  <testcase classname="TestBoALocationsPage" name="testDoneFilter" time="10.456"/>
  <testcase classname="TestBoAForgotCredentialsPage" name="testCancelBtn" time="1.164"/>
  <testcase classname="TestBoAHome" name="testCreditCardsTab" time="0.093"/>
  <testcase classname="TestBoALocationsPage" name="testSearchBtnHolder" time="0.049"/>
  <testcase classname="TestBoAHome" name="testHomeLoansTab" time="0.07"/>
  <testcase classname="TestBoALocationsPage" name="testSearchInput" time="2.202"/>
  <testcase classname="TestBoAHome" name="testAutoLoansTab" time="0.049"/>
  <testcase classname="TestBoALocationsPage" name="testMapZoomIn" time="2.649"/>
  <testcase classname="TestBoAHome" name="testInvestingTab" time="0.053"/>
  <testcase classname="TestBoALocationsPage" name="testMapZoomOut" time="2.613"/>
  <testcase classname="TestBoAHome" name="testBetterMoneyTab" time="0.061"/>
  <testcase classname="TestBoALocationsPage" name="testMapFullScreen" time="2.671"/>
  <testcase classname="TestBoAHome" name="testCreditCardCashBack" time="14.563"/>
  <testcase classname="TestBoALocationsPage" name="testMapExitFullScreen" time="2.817"/>
  <testcase classname="TestBoAHome" name="testSignInText" time="0.061"/>
  <testcase classname="TestBoALocationsPage" name="testClickNY" time="4.085"/>
  <testcase classname="TestBoAHome" name="testCreditCardTravels" time="10.174"/>
  <testcase classname="TestBoALocationsPage" name="testAstoriaLink" time="5.48"/>
  <testcase classname="TestBoAHome" name="testCreditCardLowerInterest" time="10"/>
  <testcase classname="TestBoALocationsPage" name="testInternationLink" time="2.713">
    <failure message="expected [https://locators.bankofamerica.com/international.html&amp;check_list=4397] but found [https://locators.bankofamerica.com/international.html]" type="java.lang.AssertionError">java.lang.AssertionError: expected [https://locators.bankofamerica.com/international.html&amp;check_list=4397] but found [https://locators.bankofamerica.com/international.html]
	at org.testng.Assert.fail(Assert.java:94)
	at org.testng.Assert.failNotEquals(Assert.java:494)
	at org.testng.Assert.assertEquals(Assert.java:123)
	at org.testng.Assert.assertEquals(Assert.java:176)
	at org.testng.Assert.assertEquals(Assert.java:186)
	at BoALocationsPage.internationalAtms(BoALocationsPage.java:181)
	at TestBoALocationsPage.testInternationLink(TestBoALocationsPage.java:109)
</failure>
    <system-err>Starting ChromeDriver 2.46.628411 (3324f4c8be9ff2f70a05a30ebc72ffb013e1a71e) on port 15546
Only local connections are allowed.
Please protect ports used by ChromeDriver and related test frameworks to prevent access by malicious code.
Mar 28, 2019 4:05:13 AM org.openqa.selenium.remote.ProtocolHandshake createSession
INFO: Detected dialect: OSS
</system-err>
  </testcase>
  <testcase classname="TestBoAHome" name="testCreditCardPointsRewards" time="10.085"/>
  <testcase classname="TestBoAHome" name="testCreditCardBuildCreditCards" time="10.201"/>
  <testcase classname="TestBoAHome" name="testSearchSuggestion" time="13.159">
    <failure message="no such element: Unable to locate element: {&quot;method&quot;:&quot;xpath&quot;,&quot;selector&quot;:&quot;//*[@id=&quot;searchStub&quot;]/div/div/form/div[2]/p&quot;}
  (Session info: chrome=73.0.3683.86)
  (Driver info: chromedriver=2.46.628411 (3324f4c8be9ff2f70a05a30ebc72ffb013e1a71e),platform=Mac OS X 10.14.3 x86_64) (WARNING: The server did not provide any stacktrace information)
Command duration or timeout: 0 milliseconds
For documentation on this error, please visit: https://www.seleniumhq.org/exceptions/no_such_element.html
Build info: version: &apos;3.141.59&apos;, revision: &apos;e82be7d358&apos;, time: &apos;2018-11-14T08:17:03&apos;
System info: host: &apos;Saqibs-MacBook-Pro.local&apos;, ip: &apos;fe80:0:0:0:f9:630b:388:f57b%en0&apos;, os.name: &apos;Mac OS X&apos;, os.arch: &apos;x86_64&apos;, os.version: &apos;10.14.3&apos;, java.version: &apos;1.8.0_73&apos;
Driver info: org.openqa.selenium.chrome.ChromeDriver
Capabilities {acceptInsecureCerts: false, acceptSslCerts: false, applicationCacheEnabled: false, browserConnectionEnabled: false, browserName: chrome, chrome: {chromedriverVersion: 2.46.628411 (3324f4c8be9ff2..., userDataDir: /var/folders/x2/7d20k9ks6j7...}, cssSelectorsEnabled: true, databaseEnabled: false, goog:chromeOptions: {debuggerAddress: localhost:63389}, handlesAlerts: true, hasTouchScreen: false, javascriptEnabled: true, locationContextEnabled: true, mobileEmulationEnabled: false, nativeEvents: true, networkConnectionEnabled: false, pageLoadStrategy: normal, platform: MAC, platformName: MAC, proxy: Proxy(), rotatable: false, setWindowRect: true, strictFileInteractability: false, takesHeapSnapshot: true, takesScreenshot: true, timeouts: {implicit: 0, pageLoad: 300000, script: 30000}, unexpectedAlertBehaviour: ignore, unhandledPromptBehavior: ignore, version: 73.0.3683.86, webStorageEnabled: true}
Session ID: 834770bdc43bf15c4d97c5e7a2833076
*** Element info: {Using=xpath, value=//*[@id=&quot;searchStub&quot;]/div/div/form/div[2]/p}" type="org.openqa.selenium.NoSuchElementException">org.openqa.selenium.NoSuchElementException: no such element: Unable to locate element: {&quot;method&quot;:&quot;xpath&quot;,&quot;selector&quot;:&quot;//*[@id=&quot;searchStub&quot;]/div/div/form/div[2]/p&quot;}
  (Session info: chrome=73.0.3683.86)
  (Driver info: chromedriver=2.46.628411 (3324f4c8be9ff2f70a05a30ebc72ffb013e1a71e),platform=Mac OS X 10.14.3 x86_64) (WARNING: The server did not provide any stacktrace information)
Command duration or timeout: 0 milliseconds
For documentation on this error, please visit: https://www.seleniumhq.org/exceptions/no_such_element.html
Build info: version: &apos;3.141.59&apos;, revision: &apos;e82be7d358&apos;, time: &apos;2018-11-14T08:17:03&apos;
System info: host: &apos;Saqibs-MacBook-Pro.local&apos;, ip: &apos;fe80:0:0:0:f9:630b:388:f57b%en0&apos;, os.name: &apos;Mac OS X&apos;, os.arch: &apos;x86_64&apos;, os.version: &apos;10.14.3&apos;, java.version: &apos;1.8.0_73&apos;
Driver info: org.openqa.selenium.chrome.ChromeDriver
Capabilities {acceptInsecureCerts: false, acceptSslCerts: false, applicationCacheEnabled: false, browserConnectionEnabled: false, browserName: chrome, chrome: {chromedriverVersion: 2.46.628411 (3324f4c8be9ff2..., userDataDir: /var/folders/x2/7d20k9ks6j7...}, cssSelectorsEnabled: true, databaseEnabled: false, goog:chromeOptions: {debuggerAddress: localhost:63389}, handlesAlerts: true, hasTouchScreen: false, javascriptEnabled: true, locationContextEnabled: true, mobileEmulationEnabled: false, nativeEvents: true, networkConnectionEnabled: false, pageLoadStrategy: normal, platform: MAC, platformName: MAC, proxy: Proxy(), rotatable: false, setWindowRect: true, strictFileInteractability: false, takesHeapSnapshot: true, takesScreenshot: true, timeouts: {implicit: 0, pageLoad: 300000, script: 30000}, unexpectedAlertBehaviour: ignore, unhandledPromptBehavior: ignore, version: 73.0.3683.86, webStorageEnabled: true}
Session ID: 834770bdc43bf15c4d97c5e7a2833076
*** Element info: {Using=xpath, value=//*[@id=&quot;searchStub&quot;]/div/div/form/div[2]/p}
	at sun.reflect.NativeConstructorAccessorImpl.newInstance0(Native Method)
	at sun.reflect.NativeConstructorAccessorImpl.newInstance(NativeConstructorAccessorImpl.java:62)
	at sun.reflect.DelegatingConstructorAccessorImpl.newInstance(DelegatingConstructorAccessorImpl.java:45)
	at java.lang.reflect.Constructor.newInstance(Constructor.java:422)
	at org.openqa.selenium.remote.ErrorHandler.createThrowable(ErrorHandler.java:214)
	at org.openqa.selenium.remote.ErrorHandler.throwIfResponseFailed(ErrorHandler.java:166)
	at org.openqa.selenium.remote.http.JsonHttpResponseCodec.reconstructValue(JsonHttpResponseCodec.java:40)
	at org.openqa.selenium.remote.http.AbstractHttpResponseCodec.decode(AbstractHttpResponseCodec.java:80)
	at org.openqa.selenium.remote.http.AbstractHttpResponseCodec.decode(AbstractHttpResponseCodec.java:44)
	at org.openqa.selenium.remote.HttpCommandExecutor.execute(HttpCommandExecutor.java:158)
	at org.openqa.selenium.remote.service.DriverCommandExecutor.execute(DriverCommandExecutor.java:83)
	at org.openqa.selenium.remote.RemoteWebDriver.execute(RemoteWebDriver.java:552)
	at org.openqa.selenium.remote.RemoteWebDriver.findElement(RemoteWebDriver.java:323)
	at org.openqa.selenium.remote.RemoteWebDriver.findElementByXPath(RemoteWebDriver.java:428)
	at org.openqa.selenium.By$ByXPath.findElement(By.java:353)
	at org.openqa.selenium.remote.RemoteWebDriver.findElement(RemoteWebDriver.java:315)
	at org.openqa.selenium.support.pagefactory.DefaultElementLocator.findElement(DefaultElementLocator.java:69)
	at org.openqa.selenium.support.pagefactory.internal.LocatingElementHandler.invoke(LocatingElementHandler.java:38)
	at com.sun.proxy.$Proxy11.getText(Unknown Source)
	at BoAHome.clickSearchBar(BoAHome.java:237)
	at TestBoAHome.testSearchSuggestion(TestBoAHome.java:123)
</failure>
    <system-err>Starting ChromeDriver 2.46.628411 (3324f4c8be9ff2f70a05a30ebc72ffb013e1a71e) on port 30999
Only local connections are allowed.
Please protect ports used by ChromeDriver and related test frameworks to prevent access by malicious code.
Mar 28, 2019 4:05:48 AM org.openqa.selenium.remote.ProtocolHandshake createSession
INFO: Detected dialect: OSS
</system-err>
  </testcase>
  <testcase classname="TestBoAHome" name="testSearchPlaceHolder" time="0.061"/>
  <testcase classname="TestBoAHome" name="testSmallBusinessTab" time="4.12"/>
  <testcase classname="TestBoAHome" name="testSmallBusinessTitle" time="4.391"/>
  <testcase classname="TestBoAHome" name="testWealthManagementUrl" time="4.46"/>
  <testcase classname="TestBoAHome" name="testWealthMgmtTitle" time="4.415"/>
  <testcase classname="TestBoAHome" name="testBusinessInstitutionUrl" time="5.414"/>
  <testcase classname="TestBoAHome" name="testBusinessInstitutionTitle" time="6.356"/>
  <testcase classname="TestBoAHome" name="testAboutUsUrl" time="7.587"/>
  <testcase classname="TestBoAHome" name="testSaveCredentials" time="1.845"/>
  <testcase classname="TestBoAHome" name="testEspanolLink" time="1.116"/>
  <testcase classname="TestBoAHome" name="testEspanolTitle" time="1.01"/>
  <testcase classname="TestBoAHome" name="testContactUs" time="1.036"/>
  <testcase classname="TestBoAHome" name="testContactUsTitle" time="0.986"/>
</testsuite>